2020/04/29 23:50:51 ISIS: circuit already connected
2020/04/29 23:50:51 ISIS: circuit already connected
2020/04/29 23:50:51 ISIS: circuit already connected
2020/04/29 23:50:51 ISIS: circuit already connected
2020/04/29 23:50:51 ISIS: circuit already connected
2020/04/29 23:50:51 ISIS: circuit already connected
2020/04/29 23:50:51 ISIS: circuit already connected
2020/04/29 23:50:51 ISIS: circuit already connected
2020/04/29 23:50:51 ISIS: circuit already connected
2020/04/29 23:50:56 ISIS: ISIS-Spf: No LSP 6666.6666.6666.00-00 found for IS adjacency L2 on r8-r6_igr (ID 8)
2020/04/29 23:50:56 ISIS: ISIS-Spf: No LSP 7777.7777.7777.00-00 found for IS adjacency L2 on r8-r7 (ID 3)
2020/04/29 23:50:56 ISIS: ISIS-Spf: No LSP found for 6666.6666.6666.00
2020/04/29 23:50:56 ISIS: ISIS-Spf: No LSP found for 7777.7777.7777.00
2020/04/29 23:50:56 ISIS: ISIS-Spf: No LSP 6666.6666.6666.00-00 found for IS adjacency L2 on r8-r6_igr (ID 8)
2020/04/29 23:50:56 ISIS: ISIS-Spf: No LSP 7777.7777.7777.00-00 found for IS adjacency L2 on r8-r7 (ID 3)
2020/04/29 23:50:56 ISIS: ISIS-Spf: No LSP found for 6666.6666.6666.00
2020/04/29 23:50:56 ISIS: ISIS-Spf: No LSP found for 7777.7777.7777.00
2020/04/29 23:50:59 ISIS: ISIS-Spf: No LSP 6666.6666.6666.00-00 found for IS adjacency L2 on r8-r6_igr (ID 8)
2020/04/29 23:50:59 ISIS: ISIS-Spf: No LSP 7777.7777.7777.00-00 found for IS adjacency L2 on r8-r7 (ID 3)
2020/04/29 23:50:59 ISIS: ISIS-Spf: No LSP found for 6666.6666.6666.00
2020/04/29 23:50:59 ISIS: ISIS-Spf: No LSP found for 7777.7777.7777.00
2020/04/29 23:50:59 ISIS: ISIS-Spf: No LSP 6666.6666.6666.00-00 found for IS adjacency L2 on r8-r6_igr (ID 8)
2020/04/29 23:50:59 ISIS: ISIS-Spf: No LSP 7777.7777.7777.00-00 found for IS adjacency L2 on r8-r7 (ID 3)
2020/04/29 23:50:59 ISIS: ISIS-Spf: No LSP found for 6666.6666.6666.00
2020/04/29 23:50:59 ISIS: ISIS-Spf: No LSP found for 7777.7777.7777.00
2020/04/29 23:51:00 ISIS: ISIS-Spf: No LSP 6666.6666.6666.00-00 found for IS adjacency L2 on r8-r6_igr (ID 8)
2020/04/29 23:51:00 ISIS: ISIS-Spf: No LSP 7777.7777.7777.00-00 found for IS adjacency L2 on r8-r7 (ID 3)
2020/04/29 23:51:00 ISIS: ISIS-Spf: No LSP found for 6666.6666.6666.00
2020/04/29 23:51:00 ISIS: ISIS-Spf: No LSP found for 7777.7777.7777.00
2020/04/29 23:51:00 ISIS: ISIS-Spf: No LSP 6666.6666.6666.00-00 found for IS adjacency L2 on r8-r6_igr (ID 8)
2020/04/29 23:51:00 ISIS: ISIS-Spf: No LSP 7777.7777.7777.00-00 found for IS adjacency L2 on r8-r7 (ID 3)
2020/04/29 23:51:00 ISIS: ISIS-Spf: No LSP found for 6666.6666.6666.00
2020/04/29 23:51:00 ISIS: ISIS-Spf: No LSP found for 7777.7777.7777.00
2020/04/29 23:51:01 ISIS: ISIS-Spf: No LSP 6666.6666.6666.00-00 found for IS adjacency L2 on r8-r6_igr (ID 8)
2020/04/29 23:51:01 ISIS: ISIS-Spf: No LSP 7777.7777.7777.00-00 found for IS adjacency L2 on r8-r7 (ID 3)
2020/04/29 23:51:01 ISIS: ISIS-Spf: No LSP found for 6666.6666.6666.00
2020/04/29 23:51:01 ISIS: ISIS-Spf: No LSP found for 7777.7777.7777.00
2020/04/29 23:51:01 ISIS: ISIS-Spf: No LSP 6666.6666.6666.00-00 found for IS adjacency L2 on r8-r6_igr (ID 8)
2020/04/29 23:51:01 ISIS: ISIS-Spf: No LSP 7777.7777.7777.00-00 found for IS adjacency L2 on r8-r7 (ID 3)
2020/04/29 23:51:01 ISIS: ISIS-Spf: No LSP found for 6666.6666.6666.00
2020/04/29 23:51:01 ISIS: ISIS-Spf: No LSP found for 7777.7777.7777.00
2020/04/29 23:51:02 ISIS: ISIS-Spf: No LSP 6666.6666.6666.00-00 found for IS adjacency L2 on r8-r6_igr (ID 8)
2020/04/29 23:51:02 ISIS: ISIS-Spf: No LSP 7777.7777.7777.00-00 found for IS adjacency L2 on r8-r7 (ID 3)
2020/04/29 23:51:02 ISIS: ISIS-Spf: No LSP found for 6666.6666.6666.00
2020/04/29 23:51:02 ISIS: ISIS-Spf: No LSP found for 7777.7777.7777.00
2020/04/29 23:51:02 ISIS: ISIS-Spf: No LSP 6666.6666.6666.00-00 found for IS adjacency L2 on r8-r6_igr (ID 8)
2020/04/29 23:51:02 ISIS: ISIS-Spf: No LSP 7777.7777.7777.00-00 found for IS adjacency L2 on r8-r7 (ID 3)
2020/04/29 23:51:02 ISIS: ISIS-Spf: No LSP found for 6666.6666.6666.00
2020/04/29 23:51:02 ISIS: ISIS-Spf: No LSP found for 7777.7777.7777.00
2020/04/29 23:51:03 ISIS: ISIS-Spf: No LSP 6666.6666.6666.00-00 found for IS adjacency L2 on r8-r6_igr (ID 8)
2020/04/29 23:51:03 ISIS: ISIS-Spf: No LSP 7777.7777.7777.00-00 found for IS adjacency L2 on r8-r7 (ID 3)
2020/04/29 23:51:03 ISIS: ISIS-Spf: No LSP found for 6666.6666.6666.00
2020/04/29 23:51:03 ISIS: ISIS-Spf: No LSP found for 7777.7777.7777.00
2020/04/29 23:51:03 ISIS: ISIS-Spf: No LSP 6666.6666.6666.00-00 found for IS adjacency L2 on r8-r6_igr (ID 8)
2020/04/29 23:51:03 ISIS: ISIS-Spf: No LSP 7777.7777.7777.00-00 found for IS adjacency L2 on r8-r7 (ID 3)
2020/04/29 23:51:03 ISIS: ISIS-Spf: No LSP found for 6666.6666.6666.00
2020/04/29 23:51:03 ISIS: ISIS-Spf: No LSP found for 7777.7777.7777.00
2020/04/29 23:51:04 ISIS: ISIS-Spf: No LSP 6666.6666.6666.00-00 found for IS adjacency L2 on r8-r6_igr (ID 8)
2020/04/29 23:51:04 ISIS: ISIS-Spf: No LSP 7777.7777.7777.00-00 found for IS adjacency L2 on r8-r7 (ID 3)
2020/04/29 23:51:04 ISIS: ISIS-Spf: No LSP found for 6666.6666.6666.00
2020/04/29 23:51:04 ISIS: ISIS-Spf: No LSP found for 7777.7777.7777.00
2020/04/29 23:51:04 ISIS: ISIS-Spf: No LSP 6666.6666.6666.00-00 found for IS adjacency L2 on r8-r6_igr (ID 8)
2020/04/29 23:51:04 ISIS: ISIS-Spf: No LSP 7777.7777.7777.00-00 found for IS adjacency L2 on r8-r7 (ID 3)
2020/04/29 23:51:04 ISIS: ISIS-Spf: No LSP found for 6666.6666.6666.00
2020/04/29 23:51:04 ISIS: ISIS-Spf: No LSP found for 7777.7777.7777.00
2020/04/29 23:51:05 ISIS: ISIS-Spf: No LSP 6666.6666.6666.00-00 found for IS adjacency L2 on r8-r6_igr (ID 8)
2020/04/29 23:51:05 ISIS: ISIS-Spf: No LSP 7777.7777.7777.00-00 found for IS adjacency L2 on r8-r7 (ID 3)
2020/04/29 23:51:05 ISIS: ISIS-Spf: No LSP found for 6666.6666.6666.00
2020/04/29 23:51:05 ISIS: ISIS-Spf: No LSP found for 7777.7777.7777.00
2020/04/29 23:51:05 ISIS: ISIS-Spf: No LSP 6666.6666.6666.00-00 found for IS adjacency L2 on r8-r6_igr (ID 8)
2020/04/29 23:51:05 ISIS: ISIS-Spf: No LSP 7777.7777.7777.00-00 found for IS adjacency L2 on r8-r7 (ID 3)
2020/04/29 23:51:05 ISIS: ISIS-Spf: No LSP found for 6666.6666.6666.00
2020/04/29 23:51:05 ISIS: ISIS-Spf: No LSP found for 7777.7777.7777.00
2020/04/29 23:51:05 ISIS: ISIS-Spf: No LSP 6666.6666.6666.00-00 found for IS adjacency L2 on r8-r6_igr (ID 8)
2020/04/29 23:51:05 ISIS: ISIS-Spf: No LSP 7777.7777.7777.00-00 found for IS adjacency L2 on r8-r7 (ID 3)
2020/04/29 23:51:05 ISIS: ISIS-Spf: No LSP found for 6666.6666.6666.00
2020/04/29 23:51:05 ISIS: ISIS-Spf: No LSP found for 7777.7777.7777.00
2020/04/29 23:51:05 ISIS: ISIS-Spf: No LSP 6666.6666.6666.00-00 found for IS adjacency L2 on r8-r6_igr (ID 8)
2020/04/29 23:51:05 ISIS: ISIS-Spf: No LSP 7777.7777.7777.00-00 found for IS adjacency L2 on r8-r7 (ID 3)
2020/04/29 23:51:05 ISIS: ISIS-Spf: No LSP found for 6666.6666.6666.00
2020/04/29 23:51:05 ISIS: ISIS-Spf: No LSP found for 7777.7777.7777.00
2020/04/29 23:51:06 ISIS: ISIS-Spf: No LSP 6666.6666.6666.00-00 found for IS adjacency L2 on r8-r6_igr (ID 8)
2020/04/29 23:51:06 ISIS: ISIS-Spf: No LSP 7777.7777.7777.00-00 found for IS adjacency L2 on r8-r7 (ID 3)
2020/04/29 23:51:06 ISIS: ISIS-Spf: No LSP found for 6666.6666.6666.00
2020/04/29 23:51:06 ISIS: ISIS-Spf: No LSP found for 7777.7777.7777.00
2020/04/29 23:51:06 ISIS: ISIS-Spf: No LSP 6666.6666.6666.00-00 found for IS adjacency L2 on r8-r6_igr (ID 8)
2020/04/29 23:51:06 ISIS: ISIS-Spf: No LSP 7777.7777.7777.00-00 found for IS adjacency L2 on r8-r7 (ID 3)
2020/04/29 23:51:06 ISIS: ISIS-Spf: No LSP found for 6666.6666.6666.00
2020/04/29 23:51:06 ISIS: ISIS-Spf: No LSP found for 7777.7777.7777.00
2020/04/29 23:51:08 ISIS: ISIS-Spf: No LSP 7777.7777.7777.00-00 found for IS adjacency L2 on r8-r7 (ID 3)
2020/04/29 23:51:08 ISIS: ISIS-Spf: No LSP found for 7777.7777.7777.00
2020/04/29 23:51:08 ISIS: ISIS-Spf: No LSP 7777.7777.7777.00-00 found for IS adjacency L2 on r8-r7 (ID 3)
2020/04/29 23:51:08 ISIS: ISIS-Spf: No LSP found for 7777.7777.7777.00
2020/04/29 23:51:09 ISIS: ISIS-Spf: No LSP 7777.7777.7777.00-00 found for IS adjacency L2 on r8-r7 (ID 3)
2020/04/29 23:51:09 ISIS: ISIS-Spf: No LSP found for 7777.7777.7777.00
2020/04/29 23:51:09 ISIS: ISIS-Spf: No LSP 7777.7777.7777.00-00 found for IS adjacency L2 on r8-r7 (ID 3)
2020/04/29 23:51:09 ISIS: ISIS-Spf: No LSP found for 7777.7777.7777.00
2020/05/02 17:38:18 ISIS: circuit already disconnected
2020/05/02 17:38:18 ISIS: circuit already disconnected
2020/05/02 17:38:18 ISIS: circuit already disconnected
