2020/04/29 23:50:49 ZEBRA: rib_sweep_table: dumping RE entry 0x5641a0f65a30 for fe80::/64 vrf 0
2020/04/29 23:50:49 ZEBRA: fe80::/64: uptime == 548855, type == 2, instance == 0, table == 254
2020/04/29 23:50:49 ZEBRA: fe80::/64: metric == 0, mtu == 0, distance == 0, flags == 0, status == 2
2020/04/29 23:50:49 ZEBRA: fe80::/64: nexthop_num == 1, nexthop_active_num == 0
2020/04/29 23:50:49 ZEBRA: fe80::/64: NH r7-r8[4] vrf default(0) with flags 
2020/04/29 23:50:49 ZEBRA: fe80::/64: dump complete
2020/04/29 23:50:49 ZEBRA: rib_sweep_table: dumping RE entry 0x5641a0f65680 for fe80::/64 vrf 0
2020/04/29 23:50:49 ZEBRA: fe80::/64: uptime == 548855, type == 2, instance == 0, table == 254
2020/04/29 23:50:49 ZEBRA: fe80::/64: metric == 0, mtu == 0, distance == 0, flags == 0, status == 2
2020/04/29 23:50:49 ZEBRA: fe80::/64: nexthop_num == 1, nexthop_active_num == 0
2020/04/29 23:50:49 ZEBRA: fe80::/64: NH r7-r6[3] vrf default(0) with flags 
2020/04/29 23:50:49 ZEBRA: fe80::/64: dump complete
2020/04/29 23:50:49 ZEBRA: rib_sweep_table: dumping RE entry 0x5641a0f64f80 for fe80::/64 vrf 0
2020/04/29 23:50:49 ZEBRA: fe80::/64: uptime == 548855, type == 2, instance == 0, table == 254
2020/04/29 23:50:49 ZEBRA: fe80::/64: metric == 0, mtu == 0, distance == 0, flags == 0, status == 2
2020/04/29 23:50:49 ZEBRA: fe80::/64: nexthop_num == 1, nexthop_active_num == 0
2020/04/29 23:50:49 ZEBRA: fe80::/64: NH r7-r2[2] vrf default(0) with flags 
2020/04/29 23:50:49 ZEBRA: fe80::/64: dump complete
2020/04/29 23:50:49 ZEBRA: rib_sweep_table: dumping RE entry 0x5641a0f65a30 for fe80::/64 vrf 0
2020/04/29 23:50:49 ZEBRA: fe80::/64: uptime == 548855, type == 2, instance == 0, table == 254
2020/04/29 23:50:49 ZEBRA: fe80::/64: metric == 0, mtu == 0, distance == 0, flags == 0, status == 2
2020/04/29 23:50:49 ZEBRA: fe80::/64: nexthop_num == 1, nexthop_active_num == 0
2020/04/29 23:50:49 ZEBRA: fe80::/64: NH r7-r8[4] vrf default(0) with flags 
2020/04/29 23:50:49 ZEBRA: fe80::/64: dump complete
2020/04/29 23:50:49 ZEBRA: rib_sweep_table: dumping RE entry 0x5641a0f65680 for fe80::/64 vrf 0
2020/04/29 23:50:49 ZEBRA: fe80::/64: uptime == 548855, type == 2, instance == 0, table == 254
2020/04/29 23:50:49 ZEBRA: fe80::/64: metric == 0, mtu == 0, distance == 0, flags == 0, status == 2
2020/04/29 23:50:49 ZEBRA: fe80::/64: nexthop_num == 1, nexthop_active_num == 0
2020/04/29 23:50:49 ZEBRA: fe80::/64: NH r7-r6[3] vrf default(0) with flags 
2020/04/29 23:50:49 ZEBRA: fe80::/64: dump complete
2020/04/29 23:50:49 ZEBRA: rib_sweep_table: dumping RE entry 0x5641a0f64f80 for fe80::/64 vrf 0
2020/04/29 23:50:49 ZEBRA: fe80::/64: uptime == 548855, type == 2, instance == 0, table == 254
2020/04/29 23:50:49 ZEBRA: fe80::/64: metric == 0, mtu == 0, distance == 0, flags == 0, status == 2
2020/04/29 23:50:49 ZEBRA: fe80::/64: nexthop_num == 1, nexthop_active_num == 0
2020/04/29 23:50:49 ZEBRA: fe80::/64: NH r7-r2[2] vrf default(0) with flags 
2020/04/29 23:50:49 ZEBRA: fe80::/64: dump complete
2020/04/29 23:50:49 ZEBRA: rib_sweep_table: dumping RE entry 0x5641a0f65cc0 for fe80::/64 vrf 0
2020/04/29 23:50:49 ZEBRA: fe80::/64: uptime == 548855, type == 2, instance == 0, table == 254
2020/04/29 23:50:49 ZEBRA: fe80::/64: metric == 0, mtu == 0, distance == 0, flags == 0, status == 2
2020/04/29 23:50:49 ZEBRA: fe80::/64: nexthop_num == 1, nexthop_active_num == 0
2020/04/29 23:50:49 ZEBRA: fe80::/64: NH r7-r8[4] vrf default(0) with flags 
2020/04/29 23:50:49 ZEBRA: fe80::/64: dump complete
2020/04/29 23:50:49 ZEBRA: rib_sweep_table: dumping RE entry 0x5641a0f658d0 for fe80::/64 vrf 0
2020/04/29 23:50:49 ZEBRA: fe80::/64: uptime == 548855, type == 2, instance == 0, table == 254
2020/04/29 23:50:49 ZEBRA: fe80::/64: metric == 0, mtu == 0, distance == 0, flags == 0, status == 2
2020/04/29 23:50:49 ZEBRA: fe80::/64: nexthop_num == 1, nexthop_active_num == 0
2020/04/29 23:50:49 ZEBRA: fe80::/64: NH r7-r6[3] vrf default(0) with flags 
2020/04/29 23:50:49 ZEBRA: fe80::/64: dump complete
2020/04/29 23:50:49 ZEBRA: rib_sweep_table: dumping RE entry 0x5641a0f65410 for fe80::/64 vrf 0
2020/04/29 23:50:49 ZEBRA: fe80::/64: uptime == 548855, type == 2, instance == 0, table == 254
2020/04/29 23:50:49 ZEBRA: fe80::/64: metric == 0, mtu == 0, distance == 0, flags == 0, status == 2
2020/04/29 23:50:49 ZEBRA: fe80::/64: nexthop_num == 1, nexthop_active_num == 0
2020/04/29 23:50:49 ZEBRA: fe80::/64: NH r7-r2[2] vrf default(0) with flags 
2020/04/29 23:50:49 ZEBRA: fe80::/64: dump complete
2020/04/29 23:50:49 ZEBRA: 0:fe80::/64: Adding route rn 0x5641a0f651d0, re 0x5641a0f64f80 (connected)
2020/04/29 23:50:49 ZEBRA: 0:fe80::/64: Adding route rn 0x5641a0f654f0, re 0x5641a0f65410 (connected)
2020/04/29 23:50:49 ZEBRA: MESSAGE: ZEBRA_INTERFACE_ADDRESS_ADD fcff:7::1/32 on lo(0)
2020/04/29 23:50:49 ZEBRA: rib_add_multipath: 0:fcff:7::/32: Inserting route rn 0x5641a0f657c0, re 0x5641a0f65060 (connected) existing (nil)
2020/04/29 23:50:49 ZEBRA: rib_add_multipath: 0:fcff:7::/32 (MRIB): Inserting route rn 0x5641a10e0bb0, re 0x5641a10e0b50 (connected) existing (nil)
2020/04/29 23:50:49 ZEBRA: 0:fe80::/64 update_from_ctx(): no fib nhg
2020/04/29 23:50:49 ZEBRA: 0:fe80::/64 update_from_ctx(): changed false, adding new fib nhg
2020/04/29 23:50:49 ZEBRA: 0:fe80::/64: Redist update re 0x5641a0f65a30 (connected), old 0x0 (None)
2020/04/29 23:50:49 ZEBRA: Redist update filter prefix fe80::/64
2020/04/29 23:50:49 ZEBRA: 0:fcff:7::/32: Adding route rn 0x5641a0f657c0, re 0x5641a0f65060 (connected)
2020/04/29 23:50:49 ZEBRA: 0:fcff:7::/32: Adding route rn 0x5641a10e0bb0, re 0x5641a10e0b50 (connected)
2020/04/29 23:50:49 ZEBRA: 0:fcff:7::/32 update_from_ctx(): no fib nhg
2020/04/29 23:50:49 ZEBRA: 0:fcff:7::/32 update_from_ctx(): rib nhg matched, changed 'false'
2020/04/29 23:50:49 ZEBRA: 0:fcff:7::/32: Redist update re 0x5641a0f65060 (connected), old 0x0 (None)
2020/04/29 23:50:50 ZEBRA: client 13 says hello and bids fair to announce only isis routes vrf=0
2020/04/29 23:50:50 ZEBRA: bfd_client_register msg from client isis: length=4
2020/04/29 23:50:50 ZEBRA: MESSAGE: ZEBRA_INTERFACE_ADDRESS_ADD fcf0:0:6:7::2/64 on r7-r6(0)
2020/04/29 23:50:50 ZEBRA: rib_add_multipath: 0:fcf0:0:6:7::/64: Inserting route rn 0x5641a11778e0, re 0x5641a1177650 (connected) existing (nil)
2020/04/29 23:50:50 ZEBRA: rib_add_multipath: 0:fcf0:0:6:7::/64 (MRIB): Inserting route rn 0x5641a1177b00, re 0x5641a1177a00 (connected) existing (nil)
2020/04/29 23:50:50 ZEBRA: 0:fcf0:0:6:7::/64: Adding route rn 0x5641a11778e0, re 0x5641a1177650 (connected)
2020/04/29 23:50:50 ZEBRA: 0:fcf0:0:6:7::/64: Adding route rn 0x5641a1177b00, re 0x5641a1177a00 (connected)
2020/04/29 23:50:50 ZEBRA: 0:fcf0:0:6:7::/64 update_from_ctx(): no fib nhg
2020/04/29 23:50:50 ZEBRA: 0:fcf0:0:6:7::/64 update_from_ctx(): rib nhg matched, changed 'false'
2020/04/29 23:50:50 ZEBRA: 0:fcf0:0:6:7::/64: Redist update re 0x5641a1177650 (connected), old 0x0 (None)
2020/04/29 23:50:50 ZEBRA: MESSAGE: ZEBRA_INTERFACE_ADDRESS_ADD fcf0:0:7:8::1/64 on r7-r8(0)
2020/04/29 23:50:50 ZEBRA: rib_add_multipath: 0:fcf0:0:7:8::/64: Inserting route rn 0x5641a1177ce0, re 0x5641a1177750 (connected) existing (nil)
2020/04/29 23:50:50 ZEBRA: rib_add_multipath: 0:fcf0:0:7:8::/64 (MRIB): Inserting route rn 0x5641a1177f70, re 0x5641a1177e70 (connected) existing (nil)
2020/04/29 23:50:50 ZEBRA: 0:fcf0:0:7:8::/64: Adding route rn 0x5641a1177ce0, re 0x5641a1177750 (connected)
2020/04/29 23:50:50 ZEBRA: 0:fcf0:0:7:8::/64: Adding route rn 0x5641a1177f70, re 0x5641a1177e70 (connected)
2020/04/29 23:50:50 ZEBRA: 0:fcf0:0:7:8::/64 update_from_ctx(): no fib nhg
2020/04/29 23:50:50 ZEBRA: 0:fcf0:0:7:8::/64 update_from_ctx(): rib nhg matched, changed 'false'
2020/04/29 23:50:50 ZEBRA: 0:fcf0:0:7:8::/64: Redist update re 0x5641a1177750 (connected), old 0x0 (None)
2020/04/29 23:50:50 ZEBRA: MESSAGE: ZEBRA_INTERFACE_ADDRESS_ADD fcf0:0:2:7::2/64 on r7-r2(0)
2020/04/29 23:50:50 ZEBRA: rib_add_multipath: 0:fcf0:0:2:7::/64: Inserting route rn 0x5641a11781c0, re 0x5641a1177850 (connected) existing (nil)
2020/04/29 23:50:50 ZEBRA: rib_add_multipath: 0:fcf0:0:2:7::/64 (MRIB): Inserting route rn 0x5641a11783c0, re 0x5641a11782c0 (connected) existing (nil)
2020/04/29 23:50:50 ZEBRA: 0:fcf0:0:2:7::/64: Adding route rn 0x5641a11781c0, re 0x5641a1177850 (connected)
2020/04/29 23:50:50 ZEBRA: 0:fcf0:0:2:7::/64: Adding route rn 0x5641a11783c0, re 0x5641a11782c0 (connected)
2020/04/29 23:50:50 ZEBRA: 0:fcf0:0:2:7::/64 update_from_ctx(): no fib nhg
2020/04/29 23:50:50 ZEBRA: 0:fcf0:0:2:7::/64 update_from_ctx(): rib nhg matched, changed 'false'
2020/04/29 23:50:50 ZEBRA: 0:fcf0:0:2:7::/64: Redist update re 0x5641a1177850 (connected), old 0x0 (None)
2020/04/29 23:51:14 ZEBRA: rib_add_multipath: 0:fcf0:0:1:2::/64: Inserting route rn 0x5641a11780e0, re 0x5641a1177c80 (isis) existing (nil)
2020/04/29 23:51:14 ZEBRA: rib_add_multipath: 0:fcf0:0:2:3::/64: Inserting route rn 0x5641a1178640, re 0x5641a1178560 (isis) existing (nil)
2020/04/29 23:51:14 ZEBRA: rib_add_multipath: 0:fcff:1::/32: Inserting route rn 0x5641a1178820, re 0x5641a1178720 (isis) existing (nil)
2020/04/29 23:51:14 ZEBRA: rib_add_multipath: 0:fcff:2::/32: Inserting route rn 0x5641a1178ab0, re 0x5641a11789b0 (isis) existing (nil)
2020/04/29 23:51:14 ZEBRA: 0:fcf0:0:1:2::/64: Adding route rn 0x5641a11780e0, re 0x5641a1177c80 (isis)
2020/04/29 23:51:14 ZEBRA: 0:fcf0:0:2:3::/64: Adding route rn 0x5641a1178640, re 0x5641a1178560 (isis)
2020/04/29 23:51:14 ZEBRA: 0:fcff:1::/32: Adding route rn 0x5641a1178820, re 0x5641a1178720 (isis)
2020/04/29 23:51:14 ZEBRA: 0:fcff:2::/32: Adding route rn 0x5641a1178ab0, re 0x5641a11789b0 (isis)
2020/04/29 23:51:14 ZEBRA: 0:fcf0:0:1:2::/64 update_from_ctx(): no fib nhg
2020/04/29 23:51:14 ZEBRA: 0:fcf0:0:1:2::/64 update_from_ctx(): rib nhg matched, changed 'true'
2020/04/29 23:51:14 ZEBRA: 0:fcf0:0:1:2::/64: Redist update re 0x5641a1177c80 (isis), old 0x0 (None)
2020/04/29 23:51:14 ZEBRA: 0:fcf0:0:2:3::/64 update_from_ctx(): no fib nhg
2020/04/29 23:51:14 ZEBRA: 0:fcf0:0:2:3::/64 update_from_ctx(): rib nhg matched, changed 'false'
2020/04/29 23:51:14 ZEBRA: 0:fcf0:0:2:3::/64: Redist update re 0x5641a1178560 (isis), old 0x0 (None)
2020/04/29 23:51:14 ZEBRA: 0:fcff:1::/32 update_from_ctx(): no fib nhg
2020/04/29 23:51:14 ZEBRA: 0:fcff:1::/32 update_from_ctx(): rib nhg matched, changed 'false'
2020/04/29 23:51:14 ZEBRA: 0:fcff:1::/32: Redist update re 0x5641a1178720 (isis), old 0x0 (None)
2020/04/29 23:51:14 ZEBRA: 0:fcff:2::/32 update_from_ctx(): no fib nhg
2020/04/29 23:51:14 ZEBRA: 0:fcff:2::/32 update_from_ctx(): rib nhg matched, changed 'false'
2020/04/29 23:51:14 ZEBRA: 0:fcff:2::/32: Redist update re 0x5641a11789b0 (isis), old 0x0 (None)
2020/04/29 23:51:15 ZEBRA: rib_add_multipath: 0:fcf0:0:3:4::/64: Inserting route rn 0x5641a1178ea0, re 0x5641a1178160 (isis) existing (nil)
2020/04/29 23:51:15 ZEBRA: rib_add_multipath: 0:fcff:3::/32: Inserting route rn 0x5641a1179060, re 0x5641a1178f80 (isis) existing (nil)
2020/04/29 23:51:15 ZEBRA: 0:fcf0:0:3:4::/64: Adding route rn 0x5641a1178ea0, re 0x5641a1178160 (isis)
2020/04/29 23:51:15 ZEBRA: 0:fcff:3::/32: Adding route rn 0x5641a1179060, re 0x5641a1178f80 (isis)
2020/04/29 23:51:15 ZEBRA: 0:fcf0:0:3:4::/64 update_from_ctx(): no fib nhg
2020/04/29 23:51:15 ZEBRA: 0:fcf0:0:3:4::/64 update_from_ctx(): rib nhg matched, changed 'false'
2020/04/29 23:51:15 ZEBRA: 0:fcf0:0:3:4::/64: Redist update re 0x5641a1178160 (isis), old 0x0 (None)
2020/04/29 23:51:15 ZEBRA: 0:fcff:3::/32 update_from_ctx(): no fib nhg
2020/04/29 23:51:15 ZEBRA: 0:fcff:3::/32 update_from_ctx(): rib nhg matched, changed 'false'
2020/04/29 23:51:15 ZEBRA: 0:fcff:3::/32: Redist update re 0x5641a1178f80 (isis), old 0x0 (None)
2020/04/29 23:51:18 ZEBRA: rib_add_multipath: 0:fcf0:0:4:5::/64: Inserting route rn 0x5641a11791d0, re 0x5641a11784a0 (isis) existing (nil)
2020/04/29 23:51:18 ZEBRA: rib_add_multipath: 0:fcf0:0:4:6::/64: Inserting route rn 0x5641a1179390, re 0x5641a11792b0 (isis) existing (nil)
2020/04/29 23:51:18 ZEBRA: rib_add_multipath: 0:fcff:4::/32: Inserting route rn 0x5641a1179550, re 0x5641a1179470 (isis) existing (nil)
2020/04/29 23:51:18 ZEBRA: 0:fcf0:0:4:5::/64: Adding route rn 0x5641a11791d0, re 0x5641a11784a0 (isis)
2020/04/29 23:51:18 ZEBRA: 0:fcf0:0:4:6::/64: Adding route rn 0x5641a1179390, re 0x5641a11792b0 (isis)
2020/04/29 23:51:18 ZEBRA: 0:fcff:4::/32: Adding route rn 0x5641a1179550, re 0x5641a1179470 (isis)
2020/04/29 23:51:18 ZEBRA: 0:fcf0:0:4:5::/64 update_from_ctx(): no fib nhg
2020/04/29 23:51:18 ZEBRA: 0:fcf0:0:4:5::/64 update_from_ctx(): rib nhg matched, changed 'false'
2020/04/29 23:51:18 ZEBRA: 0:fcf0:0:4:5::/64: Redist update re 0x5641a11784a0 (isis), old 0x0 (None)
2020/04/29 23:51:18 ZEBRA: 0:fcf0:0:4:6::/64 update_from_ctx(): no fib nhg
2020/04/29 23:51:18 ZEBRA: 0:fcf0:0:4:6::/64 update_from_ctx(): rib nhg matched, changed 'false'
2020/04/29 23:51:18 ZEBRA: 0:fcf0:0:4:6::/64: Redist update re 0x5641a11792b0 (isis), old 0x0 (None)
2020/04/29 23:51:18 ZEBRA: 0:fcff:4::/32 update_from_ctx(): no fib nhg
2020/04/29 23:51:18 ZEBRA: 0:fcff:4::/32 update_from_ctx(): rib nhg matched, changed 'false'
2020/04/29 23:51:18 ZEBRA: 0:fcff:4::/32: Redist update re 0x5641a1179470 (isis), old 0x0 (None)
2020/04/29 23:51:19 ZEBRA: rib_add_multipath: 0:fcf0:0:5:6::/64: Inserting route rn 0x5641a1179790, re 0x5641a1179140 (isis) existing (nil)
2020/04/29 23:51:19 ZEBRA: rib_add_multipath: 0:fcff:5::/32: Inserting route rn 0x5641a1179950, re 0x5641a1179870 (isis) existing (nil)
2020/04/29 23:51:19 ZEBRA: 0:fcf0:0:5:6::/64: Adding route rn 0x5641a1179790, re 0x5641a1179140 (isis)
2020/04/29 23:51:19 ZEBRA: 0:fcff:5::/32: Adding route rn 0x5641a1179950, re 0x5641a1179870 (isis)
2020/04/29 23:51:19 ZEBRA: 0:fcf0:0:5:6::/64 update_from_ctx(): no fib nhg
2020/04/29 23:51:19 ZEBRA: 0:fcf0:0:5:6::/64 update_from_ctx(): rib nhg matched, changed 'false'
2020/04/29 23:51:19 ZEBRA: 0:fcf0:0:5:6::/64: Redist update re 0x5641a1179140 (isis), old 0x0 (None)
2020/04/29 23:51:19 ZEBRA: 0:fcff:5::/32 update_from_ctx(): no fib nhg
2020/04/29 23:51:19 ZEBRA: 0:fcff:5::/32 update_from_ctx(): rib nhg matched, changed 'false'
2020/04/29 23:51:19 ZEBRA: 0:fcff:5::/32: Redist update re 0x5641a1179870 (isis), old 0x0 (None)
2020/04/29 23:51:20 ZEBRA: rib_add_multipath: 0:fcf0:0:3:4::/64: Inserting route rn 0x5641a1178ea0, re 0x5641a1179730 (isis) existing 0x5641a1178160
2020/04/29 23:51:20 ZEBRA: rib_delnode: 0:fcf0:0:3:4::/64: rn 0x5641a1178ea0, re 0x5641a1178160, removing
2020/04/29 23:51:20 ZEBRA: rib_add_multipath: 0:fcf0:0:4:5::/64: Inserting route rn 0x5641a11791d0, re 0x5641a117a080 (isis) existing 0x5641a11784a0
2020/04/29 23:51:20 ZEBRA: rib_delnode: 0:fcf0:0:4:5::/64: rn 0x5641a11791d0, re 0x5641a11784a0, removing
2020/04/29 23:51:20 ZEBRA: rib_add_multipath: 0:fcf0:0:4:6::/64: Inserting route rn 0x5641a1179390, re 0x5641a117a0e0 (isis) existing 0x5641a11792b0
2020/04/29 23:51:20 ZEBRA: rib_delnode: 0:fcf0:0:4:6::/64: rn 0x5641a1179390, re 0x5641a11792b0, removing
2020/04/29 23:51:20 ZEBRA: rib_add_multipath: 0:fcf0:0:5:6::/64: Inserting route rn 0x5641a1179790, re 0x5641a117a160 (isis) existing 0x5641a1179140
2020/04/29 23:51:20 ZEBRA: rib_delnode: 0:fcf0:0:5:6::/64: rn 0x5641a1179790, re 0x5641a1179140, removing
2020/04/29 23:51:20 ZEBRA: rib_add_multipath: 0:fcf0:0:6:8::/64: Inserting route rn 0x5641a11796b0, re 0x5641a117a1e0 (isis) existing (nil)
2020/04/29 23:51:20 ZEBRA: rib_add_multipath: 0:fcff:4::/32: Inserting route rn 0x5641a1179550, re 0x5641a117a2c0 (isis) existing 0x5641a1179470
2020/04/29 23:51:20 ZEBRA: rib_delnode: 0:fcff:4::/32: rn 0x5641a1179550, re 0x5641a1179470, removing
2020/04/29 23:51:20 ZEBRA: rib_add_multipath: 0:fcff:5::/32: Inserting route rn 0x5641a1179950, re 0x5641a117a3c0 (isis) existing 0x5641a1179870
2020/04/29 23:51:20 ZEBRA: rib_delnode: 0:fcff:5::/32: rn 0x5641a1179950, re 0x5641a1179870, removing
2020/04/29 23:51:20 ZEBRA: rib_add_multipath: 0:fcff:6::/32: Inserting route rn 0x5641a117a4c0, re 0x5641a117a440 (isis) existing (nil)
2020/04/29 23:51:20 ZEBRA: 0:fcf0:0:3:4::/64: Updating route rn 0x5641a1178ea0, re 0x5641a1179730 (isis) old 0x5641a1178160 (isis)
2020/04/29 23:51:20 ZEBRA: 0:fcf0:0:3:4::/64: Redist del: re 0x5641a1178160 (isis), new re 0x5641a1179730 (isis)
2020/04/29 23:51:20 ZEBRA: rib_process: 0:fcf0:0:3:4::/64: rn 0x5641a1178ea0, removing re 0x5641a1178160
2020/04/29 23:51:20 ZEBRA: rib_unlink: 0:fcf0:0:3:4::/64: rn 0x5641a1178ea0, re 0x5641a1178160
2020/04/29 23:51:20 ZEBRA: 0:fcf0:0:4:5::/64: Updating route rn 0x5641a11791d0, re 0x5641a117a080 (isis) old 0x5641a11784a0 (isis)
2020/04/29 23:51:20 ZEBRA: 0:fcf0:0:4:5::/64: Redist del: re 0x5641a11784a0 (isis), new re 0x5641a117a080 (isis)
2020/04/29 23:51:20 ZEBRA: rib_process: 0:fcf0:0:4:5::/64: rn 0x5641a11791d0, removing re 0x5641a11784a0
2020/04/29 23:51:20 ZEBRA: rib_unlink: 0:fcf0:0:4:5::/64: rn 0x5641a11791d0, re 0x5641a11784a0
2020/04/29 23:51:20 ZEBRA: 0:fcf0:0:4:6::/64: Updating route rn 0x5641a1179390, re 0x5641a117a0e0 (isis) old 0x5641a11792b0 (isis)
2020/04/29 23:51:20 ZEBRA: 0:fcf0:0:4:6::/64: Redist del: re 0x5641a11792b0 (isis), new re 0x5641a117a0e0 (isis)
2020/04/29 23:51:20 ZEBRA: rib_process: 0:fcf0:0:4:6::/64: rn 0x5641a1179390, removing re 0x5641a11792b0
2020/04/29 23:51:20 ZEBRA: rib_unlink: 0:fcf0:0:4:6::/64: rn 0x5641a1179390, re 0x5641a11792b0
2020/04/29 23:51:20 ZEBRA: 0:fcf0:0:5:6::/64: Updating route rn 0x5641a1179790, re 0x5641a117a160 (isis) old 0x5641a1179140 (isis)
2020/04/29 23:51:20 ZEBRA: 0:fcf0:0:5:6::/64: Redist del: re 0x5641a1179140 (isis), new re 0x5641a117a160 (isis)
2020/04/29 23:51:20 ZEBRA: rib_process: 0:fcf0:0:5:6::/64: rn 0x5641a1179790, removing re 0x5641a1179140
2020/04/29 23:51:20 ZEBRA: rib_unlink: 0:fcf0:0:5:6::/64: rn 0x5641a1179790, re 0x5641a1179140
2020/04/29 23:51:20 ZEBRA: 0:fcf0:0:6:8::/64: Adding route rn 0x5641a11796b0, re 0x5641a117a1e0 (isis)
2020/04/29 23:51:20 ZEBRA: 0:fcff:4::/32: Updating route rn 0x5641a1179550, re 0x5641a117a2c0 (isis) old 0x5641a1179470 (isis)
2020/04/29 23:51:20 ZEBRA: 0:fcff:4::/32: Redist del: re 0x5641a1179470 (isis), new re 0x5641a117a2c0 (isis)
2020/04/29 23:51:20 ZEBRA: rib_process: 0:fcff:4::/32: rn 0x5641a1179550, removing re 0x5641a1179470
2020/04/29 23:51:20 ZEBRA: rib_unlink: 0:fcff:4::/32: rn 0x5641a1179550, re 0x5641a1179470
2020/04/29 23:51:20 ZEBRA: 0:fcff:5::/32: Updating route rn 0x5641a1179950, re 0x5641a117a3c0 (isis) old 0x5641a1179870 (isis)
2020/04/29 23:51:20 ZEBRA: 0:fcff:5::/32: Redist del: re 0x5641a1179870 (isis), new re 0x5641a117a3c0 (isis)
2020/04/29 23:51:20 ZEBRA: rib_process: 0:fcff:5::/32: rn 0x5641a1179950, removing re 0x5641a1179870
2020/04/29 23:51:20 ZEBRA: rib_unlink: 0:fcff:5::/32: rn 0x5641a1179950, re 0x5641a1179870
2020/04/29 23:51:20 ZEBRA: 0:fcff:6::/32: Adding route rn 0x5641a117a4c0, re 0x5641a117a440 (isis)
2020/04/29 23:51:20 ZEBRA: 0:fcf0:0:3:4::/64 update_from_ctx(): no fib nhg
2020/04/29 23:51:20 ZEBRA: 0:fcf0:0:3:4::/64 update_from_ctx(): rib nhg matched, changed 'true'
2020/04/29 23:51:20 ZEBRA: 0:fcf0:0:3:4::/64: Redist update re 0x5641a1179730 (isis), old 0x5641a1179730 (isis)
2020/04/29 23:51:20 ZEBRA: 0:fcf0:0:4:5::/64 update_from_ctx(): no fib nhg
2020/04/29 23:51:20 ZEBRA: 0:fcf0:0:4:5::/64 update_from_ctx(): rib nhg matched, changed 'true'
2020/04/29 23:51:20 ZEBRA: 0:fcf0:0:4:5::/64: Redist update re 0x5641a117a080 (isis), old 0x5641a117a080 (isis)
2020/04/29 23:51:20 ZEBRA: 0:fcf0:0:4:6::/64 update_from_ctx(): no fib nhg
2020/04/29 23:51:20 ZEBRA: 0:fcf0:0:4:6::/64 update_from_ctx(): rib nhg matched, changed 'false'
2020/04/29 23:51:20 ZEBRA: 0:fcf0:0:4:6::/64: Redist update re 0x5641a117a0e0 (isis), old 0x5641a117a0e0 (isis)
2020/04/29 23:51:20 ZEBRA: 0:fcf0:0:5:6::/64 update_from_ctx(): no fib nhg
2020/04/29 23:51:20 ZEBRA: 0:fcf0:0:5:6::/64 update_from_ctx(): rib nhg matched, changed 'false'
2020/04/29 23:51:20 ZEBRA: 0:fcf0:0:5:6::/64: Redist update re 0x5641a117a160 (isis), old 0x5641a117a160 (isis)
2020/04/29 23:51:20 ZEBRA: 0:fcf0:0:6:8::/64 update_from_ctx(): no fib nhg
2020/04/29 23:51:20 ZEBRA: 0:fcf0:0:6:8::/64 update_from_ctx(): rib nhg matched, changed 'false'
2020/04/29 23:51:20 ZEBRA: 0:fcf0:0:6:8::/64: Redist update re 0x5641a117a1e0 (isis), old 0x0 (None)
2020/04/29 23:51:20 ZEBRA: 0:fcff:4::/32 update_from_ctx(): no fib nhg
2020/04/29 23:51:20 ZEBRA: 0:fcff:4::/32 update_from_ctx(): rib nhg matched, changed 'false'
2020/04/29 23:51:20 ZEBRA: 0:fcff:4::/32: Redist update re 0x5641a117a2c0 (isis), old 0x5641a117a2c0 (isis)
2020/04/29 23:51:20 ZEBRA: 0:fcff:5::/32 update_from_ctx(): no fib nhg
2020/04/29 23:51:20 ZEBRA: 0:fcff:5::/32 update_from_ctx(): rib nhg matched, changed 'false'
2020/04/29 23:51:20 ZEBRA: 0:fcff:5::/32: Redist update re 0x5641a117a3c0 (isis), old 0x5641a117a3c0 (isis)
2020/04/29 23:51:20 ZEBRA: 0:fcff:6::/32 update_from_ctx(): no fib nhg
2020/04/29 23:51:20 ZEBRA: 0:fcff:6::/32 update_from_ctx(): rib nhg matched, changed 'false'
2020/04/29 23:51:20 ZEBRA: 0:fcff:6::/32: Redist update re 0x5641a117a440 (isis), old 0x0 (None)
2020/04/29 23:51:21 ZEBRA: rib_add_multipath: 0:fcf0:0:6:8::/64: Inserting route rn 0x5641a11796b0, re 0x5641a1178160 (isis) existing 0x5641a117a1e0
2020/04/29 23:51:21 ZEBRA: rib_delnode: 0:fcf0:0:6:8::/64: rn 0x5641a11796b0, re 0x5641a117a1e0, removing
2020/04/29 23:51:21 ZEBRA: rib_add_multipath: 0:fcff:8::/32: Inserting route rn 0x5641a1180360, re 0x5641a1179170 (isis) existing (nil)
2020/04/29 23:51:21 ZEBRA: 0:fcf0:0:6:8::/64: Updating route rn 0x5641a11796b0, re 0x5641a1178160 (isis) old 0x5641a117a1e0 (isis)
2020/04/29 23:51:21 ZEBRA: 0:fcf0:0:6:8::/64: Redist del: re 0x5641a117a1e0 (isis), new re 0x5641a1178160 (isis)
2020/04/29 23:51:21 ZEBRA: rib_process: 0:fcf0:0:6:8::/64: rn 0x5641a11796b0, removing re 0x5641a117a1e0
2020/04/29 23:51:21 ZEBRA: rib_unlink: 0:fcf0:0:6:8::/64: rn 0x5641a11796b0, re 0x5641a117a1e0
2020/04/29 23:51:21 ZEBRA: 0:fcff:8::/32: Adding route rn 0x5641a1180360, re 0x5641a1179170 (isis)
2020/04/29 23:51:21 ZEBRA: 0:fcf0:0:6:8::/64 update_from_ctx(): no fib nhg
2020/04/29 23:51:21 ZEBRA: 0:fcf0:0:6:8::/64 update_from_ctx(): rib nhg matched, changed 'true'
2020/04/29 23:51:21 ZEBRA: 0:fcf0:0:6:8::/64: Redist update re 0x5641a1178160 (isis), old 0x5641a1178160 (isis)
2020/04/29 23:51:21 ZEBRA: 0:fcff:8::/32 update_from_ctx(): no fib nhg
2020/04/29 23:51:21 ZEBRA: 0:fcff:8::/32 update_from_ctx(): rib nhg matched, changed 'true'
2020/04/29 23:51:21 ZEBRA: 0:fcff:8::/32: Redist update re 0x5641a1179170 (isis), old 0x0 (None)
2020/05/02 17:38:18 ZEBRA: Terminating on signal
2020/05/02 17:38:18 ZEBRA: Closing client 'isis'
2020/05/02 17:38:18 ZEBRA: release_daemon_table_chunks: Released 0 table chunks
2020/05/02 17:38:18 ZEBRA: rib_delnode: 0:fcf0:0:1:2::/64: rn 0x5641a11780e0, re 0x5641a1177c80, removing
2020/05/02 17:38:18 ZEBRA: rib_delnode: 0:fcf0:0:2:3::/64: rn 0x5641a1178640, re 0x5641a1178560, removing
2020/05/02 17:38:18 ZEBRA: rib_delnode: 0:fcf0:0:3:4::/64: rn 0x5641a1178ea0, re 0x5641a1179730, removing
2020/05/02 17:38:18 ZEBRA: rib_delnode: 0:fcf0:0:4:5::/64: rn 0x5641a11791d0, re 0x5641a117a080, removing
2020/05/02 17:38:18 ZEBRA: rib_delnode: 0:fcf0:0:4:6::/64: rn 0x5641a1179390, re 0x5641a117a0e0, removing
2020/05/02 17:38:18 ZEBRA: rib_delnode: 0:fcf0:0:5:6::/64: rn 0x5641a1179790, re 0x5641a117a160, removing
2020/05/02 17:38:18 ZEBRA: rib_delnode: 0:fcf0:0:6:8::/64: rn 0x5641a11796b0, re 0x5641a1178160, removing
2020/05/02 17:38:18 ZEBRA: rib_delnode: 0:fcff:1::/32: rn 0x5641a1178820, re 0x5641a1178720, removing
2020/05/02 17:38:18 ZEBRA: rib_delnode: 0:fcff:2::/32: rn 0x5641a1178ab0, re 0x5641a11789b0, removing
2020/05/02 17:38:18 ZEBRA: rib_delnode: 0:fcff:3::/32: rn 0x5641a1179060, re 0x5641a1178f80, removing
2020/05/02 17:38:18 ZEBRA: rib_delnode: 0:fcff:4::/32: rn 0x5641a1179550, re 0x5641a117a2c0, removing
2020/05/02 17:38:18 ZEBRA: rib_delnode: 0:fcff:5::/32: rn 0x5641a1179950, re 0x5641a117a3c0, removing
2020/05/02 17:38:18 ZEBRA: rib_delnode: 0:fcff:6::/32: rn 0x5641a117a4c0, re 0x5641a117a440, removing
2020/05/02 17:38:18 ZEBRA: rib_delnode: 0:fcff:8::/32: rn 0x5641a1180360, re 0x5641a1179170, removing
2020/05/02 17:38:18 ZEBRA: client 13 disconnected. 14 isis routes removed from the rib
2020/05/02 17:38:18 ZEBRA: VRF default id 0 is now inactive
2020/05/02 17:38:18 ZEBRA: MESSAGE: ZEBRA_VRF_DELETE default
2020/05/02 17:38:18 ZEBRA: rib_unlink: 0:fcf0:0:1:2::/64: rn 0x5641a11780e0, re 0x5641a1177c80
2020/05/02 17:38:18 ZEBRA: rib_unlink: 0:fcf0:0:2:3::/64: rn 0x5641a1178640, re 0x5641a1178560
2020/05/02 17:38:18 ZEBRA: rib_unlink: 0:fcf0:0:2:7::/64: rn 0x5641a11781c0, re 0x5641a1177850
2020/05/02 17:38:18 ZEBRA: rib_unlink: 0:fcf0:0:3:4::/64: rn 0x5641a1178ea0, re 0x5641a1179730
2020/05/02 17:38:18 ZEBRA: rib_unlink: 0:fcf0:0:4:5::/64: rn 0x5641a11791d0, re 0x5641a117a080
2020/05/02 17:38:18 ZEBRA: rib_unlink: 0:fcf0:0:4:6::/64: rn 0x5641a1179390, re 0x5641a117a0e0
2020/05/02 17:38:18 ZEBRA: rib_unlink: 0:fcf0:0:5:6::/64: rn 0x5641a1179790, re 0x5641a117a160
2020/05/02 17:38:18 ZEBRA: rib_unlink: 0:fcf0:0:6:7::/64: rn 0x5641a11778e0, re 0x5641a1177650
2020/05/02 17:38:18 ZEBRA: rib_unlink: 0:fcf0:0:6:8::/64: rn 0x5641a11796b0, re 0x5641a1178160
2020/05/02 17:38:18 ZEBRA: rib_unlink: 0:fcf0:0:7:8::/64: rn 0x5641a1177ce0, re 0x5641a1177750
2020/05/02 17:38:18 ZEBRA: rib_unlink: 0:fcff:1::/32: rn 0x5641a1178820, re 0x5641a1178720
2020/05/02 17:38:18 ZEBRA: rib_unlink: 0:fcff:2::/32: rn 0x5641a1178ab0, re 0x5641a11789b0
2020/05/02 17:38:18 ZEBRA: rib_unlink: 0:fcff:3::/32: rn 0x5641a1179060, re 0x5641a1178f80
2020/05/02 17:38:18 ZEBRA: rib_unlink: 0:fcff:4::/32: rn 0x5641a1179550, re 0x5641a117a2c0
2020/05/02 17:38:18 ZEBRA: rib_unlink: 0:fcff:5::/32: rn 0x5641a1179950, re 0x5641a117a3c0
2020/05/02 17:38:18 ZEBRA: rib_unlink: 0:fcff:6::/32: rn 0x5641a117a4c0, re 0x5641a117a440
2020/05/02 17:38:18 ZEBRA: rib_unlink: 0:fcff:7::/32: rn 0x5641a0f657c0, re 0x5641a0f65060
2020/05/02 17:38:18 ZEBRA: rib_unlink: 0:fcff:8::/32: rn 0x5641a1180360, re 0x5641a1179170
2020/05/02 17:38:18 ZEBRA: rib_unlink: 0:fe80::/64: rn 0x5641a0f651d0, re 0x5641a0f65a30
2020/05/02 17:38:18 ZEBRA: rib_unlink: 0:fe80::/64: rn 0x5641a0f651d0, re 0x5641a0f65680
2020/05/02 17:38:18 ZEBRA: rib_unlink: 0:fe80::/64: rn 0x5641a0f651d0, re 0x5641a0f64f80
2020/05/02 17:38:18 ZEBRA: rib_unlink: 0:fcf0:0:2:7::/64 (MRIB): rn 0x5641a11783c0, re 0x5641a11782c0
2020/05/02 17:38:18 ZEBRA: rib_unlink: 0:fcf0:0:6:7::/64 (MRIB): rn 0x5641a1177b00, re 0x5641a1177a00
2020/05/02 17:38:18 ZEBRA: rib_unlink: 0:fcf0:0:7:8::/64 (MRIB): rn 0x5641a1177f70, re 0x5641a1177e70
2020/05/02 17:38:18 ZEBRA: rib_unlink: 0:fcff:7::/32 (MRIB): rn 0x5641a10e0bb0, re 0x5641a10e0b50
2020/05/02 17:38:18 ZEBRA: rib_unlink: 0:fe80::/64 (MRIB): rn 0x5641a0f654f0, re 0x5641a0f65cc0
2020/05/02 17:38:18 ZEBRA: rib_unlink: 0:fe80::/64 (MRIB): rn 0x5641a0f654f0, re 0x5641a0f658d0
2020/05/02 17:38:18 ZEBRA: rib_unlink: 0:fe80::/64 (MRIB): rn 0x5641a0f654f0, re 0x5641a0f65410
2020/05/02 17:38:18 ZEBRA: VRF default id 0 deleted
2020/05/02 17:38:18 ZEBRA: Zebra final shutdown
