2020/04/29 23:50:43 ZEBRA: 0:fe80::/64: Adding route rn 0x55ab268151d0, re 0x55ab26814f80 (connected)
2020/04/29 23:50:43 ZEBRA: 0:fe80::/64: Adding route rn 0x55ab268154f0, re 0x55ab26815410 (connected)
2020/04/29 23:50:43 ZEBRA: rib_sweep_table: dumping RE entry 0x55ab26815a30 for fe80::/64 vrf 0
2020/04/29 23:50:43 ZEBRA: fe80::/64: uptime == 548850, type == 2, instance == 0, table == 254
2020/04/29 23:50:43 ZEBRA: fe80::/64: metric == 0, mtu == 0, distance == 0, flags == 0, status == 0
2020/04/29 23:50:43 ZEBRA: fe80::/64: nexthop_num == 1, nexthop_active_num == 1
2020/04/29 23:50:43 ZEBRA: fe80::/64: NH r2-r7[4] vrf default(0) with flags ACTIVE 
2020/04/29 23:50:43 ZEBRA: fe80::/64: dump complete
2020/04/29 23:50:43 ZEBRA: rib_sweep_table: dumping RE entry 0x55ab26815680 for fe80::/64 vrf 0
2020/04/29 23:50:43 ZEBRA: fe80::/64: uptime == 548850, type == 2, instance == 0, table == 254
2020/04/29 23:50:43 ZEBRA: fe80::/64: metric == 0, mtu == 0, distance == 0, flags == 0, status == 0
2020/04/29 23:50:43 ZEBRA: fe80::/64: nexthop_num == 1, nexthop_active_num == 1
2020/04/29 23:50:43 ZEBRA: fe80::/64: NH r2-r3[3] vrf default(0) with flags ACTIVE 
2020/04/29 23:50:43 ZEBRA: fe80::/64: dump complete
2020/04/29 23:50:43 ZEBRA: rib_sweep_table: dumping RE entry 0x55ab26814f80 for fe80::/64 vrf 0
2020/04/29 23:50:43 ZEBRA: fe80::/64: uptime == 548850, type == 2, instance == 0, table == 254
2020/04/29 23:50:43 ZEBRA: fe80::/64: metric == 0, mtu == 0, distance == 0, flags == 8, status == 8
2020/04/29 23:50:43 ZEBRA: fe80::/64: nexthop_num == 1, nexthop_active_num == 1
2020/04/29 23:50:43 ZEBRA: fe80::/64: NH r2-r1[2] vrf default(0) with flags ACTIVE 
2020/04/29 23:50:43 ZEBRA: fe80::/64: dump complete
2020/04/29 23:50:43 ZEBRA: rib_sweep_table: dumping RE entry 0x55ab26815a30 for fe80::/64 vrf 0
2020/04/29 23:50:43 ZEBRA: fe80::/64: uptime == 548850, type == 2, instance == 0, table == 254
2020/04/29 23:50:43 ZEBRA: fe80::/64: metric == 0, mtu == 0, distance == 0, flags == 0, status == 0
2020/04/29 23:50:43 ZEBRA: fe80::/64: nexthop_num == 1, nexthop_active_num == 1
2020/04/29 23:50:43 ZEBRA: fe80::/64: NH r2-r7[4] vrf default(0) with flags ACTIVE 
2020/04/29 23:50:43 ZEBRA: fe80::/64: dump complete
2020/04/29 23:50:43 ZEBRA: rib_sweep_table: dumping RE entry 0x55ab26815680 for fe80::/64 vrf 0
2020/04/29 23:50:43 ZEBRA: fe80::/64: uptime == 548850, type == 2, instance == 0, table == 254
2020/04/29 23:50:43 ZEBRA: fe80::/64: metric == 0, mtu == 0, distance == 0, flags == 0, status == 0
2020/04/29 23:50:43 ZEBRA: fe80::/64: nexthop_num == 1, nexthop_active_num == 1
2020/04/29 23:50:43 ZEBRA: fe80::/64: NH r2-r3[3] vrf default(0) with flags ACTIVE 
2020/04/29 23:50:43 ZEBRA: fe80::/64: dump complete
2020/04/29 23:50:43 ZEBRA: rib_sweep_table: dumping RE entry 0x55ab26814f80 for fe80::/64 vrf 0
2020/04/29 23:50:43 ZEBRA: fe80::/64: uptime == 548850, type == 2, instance == 0, table == 254
2020/04/29 23:50:43 ZEBRA: fe80::/64: metric == 0, mtu == 0, distance == 0, flags == 8, status == 8
2020/04/29 23:50:43 ZEBRA: fe80::/64: nexthop_num == 1, nexthop_active_num == 1
2020/04/29 23:50:43 ZEBRA: fe80::/64: NH r2-r1[2] vrf default(0) with flags ACTIVE 
2020/04/29 23:50:43 ZEBRA: fe80::/64: dump complete
2020/04/29 23:50:43 ZEBRA: rib_sweep_table: dumping RE entry 0x55ab26815cc0 for fe80::/64 vrf 0
2020/04/29 23:50:43 ZEBRA: fe80::/64: uptime == 548850, type == 2, instance == 0, table == 254
2020/04/29 23:50:43 ZEBRA: fe80::/64: metric == 0, mtu == 0, distance == 0, flags == 0, status == 0
2020/04/29 23:50:43 ZEBRA: fe80::/64: nexthop_num == 1, nexthop_active_num == 1
2020/04/29 23:50:43 ZEBRA: fe80::/64: NH r2-r7[4] vrf default(0) with flags ACTIVE 
2020/04/29 23:50:43 ZEBRA: fe80::/64: dump complete
2020/04/29 23:50:43 ZEBRA: rib_sweep_table: dumping RE entry 0x55ab268158d0 for fe80::/64 vrf 0
2020/04/29 23:50:43 ZEBRA: fe80::/64: uptime == 548850, type == 2, instance == 0, table == 254
2020/04/29 23:50:43 ZEBRA: fe80::/64: metric == 0, mtu == 0, distance == 0, flags == 0, status == 0
2020/04/29 23:50:43 ZEBRA: fe80::/64: nexthop_num == 1, nexthop_active_num == 1
2020/04/29 23:50:43 ZEBRA: fe80::/64: NH r2-r3[3] vrf default(0) with flags ACTIVE 
2020/04/29 23:50:43 ZEBRA: fe80::/64: dump complete
2020/04/29 23:50:43 ZEBRA: rib_sweep_table: dumping RE entry 0x55ab26815410 for fe80::/64 vrf 0
2020/04/29 23:50:43 ZEBRA: fe80::/64: uptime == 548850, type == 2, instance == 0, table == 254
2020/04/29 23:50:43 ZEBRA: fe80::/64: metric == 0, mtu == 0, distance == 0, flags == 8, status == 0
2020/04/29 23:50:43 ZEBRA: fe80::/64: nexthop_num == 1, nexthop_active_num == 1
2020/04/29 23:50:43 ZEBRA: fe80::/64: NH r2-r1[2] vrf default(0) with flags ACTIVE 
2020/04/29 23:50:43 ZEBRA: fe80::/64: dump complete
2020/04/29 23:50:43 ZEBRA: 0:fe80::/64 update_from_ctx(): no fib nhg
2020/04/29 23:50:43 ZEBRA: 0:fe80::/64 update_from_ctx(): changed false, adding new fib nhg
2020/04/29 23:50:43 ZEBRA: 0:fe80::/64: Redist update re 0x55ab26815a30 (connected), old 0x0 (None)
2020/04/29 23:50:43 ZEBRA: Redist update filter prefix fe80::/64
2020/04/29 23:50:43 ZEBRA: MESSAGE: ZEBRA_INTERFACE_ADDRESS_ADD fcff:2::1/32 on lo(0)
2020/04/29 23:50:43 ZEBRA: rib_add_multipath: 0:fcff:2::/32: Inserting route rn 0x55ab268150c0, re 0x55ab26815060 (connected) existing (nil)
2020/04/29 23:50:43 ZEBRA: rib_add_multipath: 0:fcff:2::/32 (MRIB): Inserting route rn 0x55ab26815bb0, re 0x55ab269909d0 (connected) existing (nil)
2020/04/29 23:50:43 ZEBRA: 0:fcff:2::/32: Adding route rn 0x55ab268150c0, re 0x55ab26815060 (connected)
2020/04/29 23:50:43 ZEBRA: 0:fcff:2::/32: Adding route rn 0x55ab26815bb0, re 0x55ab269909d0 (connected)
2020/04/29 23:50:43 ZEBRA: 0:fcff:2::/32 update_from_ctx(): no fib nhg
2020/04/29 23:50:43 ZEBRA: 0:fcff:2::/32 update_from_ctx(): rib nhg matched, changed 'false'
2020/04/29 23:50:43 ZEBRA: 0:fcff:2::/32: Redist update re 0x55ab26815060 (connected), old 0x0 (None)
2020/04/29 23:50:44 ZEBRA: client 13 says hello and bids fair to announce only isis routes vrf=0
2020/04/29 23:50:44 ZEBRA: bfd_client_register msg from client isis: length=4
2020/04/29 23:50:45 ZEBRA: MESSAGE: ZEBRA_INTERFACE_ADDRESS_ADD fcf0:0:1:2::2/64 on r2-r1(0)
2020/04/29 23:50:45 ZEBRA: rib_add_multipath: 0:fcf0:0:1:2::/64: Inserting route rn 0x55ab26a278d0, re 0x55ab26a27640 (connected) existing (nil)
2020/04/29 23:50:45 ZEBRA: rib_add_multipath: 0:fcf0:0:1:2::/64 (MRIB): Inserting route rn 0x55ab26a27ab0, re 0x55ab26a279d0 (connected) existing (nil)
2020/04/29 23:50:45 ZEBRA: 0:fcf0:0:1:2::/64: Adding route rn 0x55ab26a278d0, re 0x55ab26a27640 (connected)
2020/04/29 23:50:45 ZEBRA: 0:fcf0:0:1:2::/64: Adding route rn 0x55ab26a27ab0, re 0x55ab26a279d0 (connected)
2020/04/29 23:50:45 ZEBRA: 0:fcf0:0:1:2::/64 update_from_ctx(): no fib nhg
2020/04/29 23:50:45 ZEBRA: 0:fcf0:0:1:2::/64 update_from_ctx(): rib nhg matched, changed 'false'
2020/04/29 23:50:45 ZEBRA: 0:fcf0:0:1:2::/64: Redist update re 0x55ab26a27640 (connected), old 0x0 (None)
2020/04/29 23:50:45 ZEBRA: MESSAGE: ZEBRA_INTERFACE_ADDRESS_ADD fcf0:0:2:7::1/64 on r2-r7(0)
2020/04/29 23:50:45 ZEBRA: rib_add_multipath: 0:fcf0:0:2:7::/64: Inserting route rn 0x55ab26a27cd0, re 0x55ab26a27740 (connected) existing (nil)
2020/04/29 23:50:45 ZEBRA: rib_add_multipath: 0:fcf0:0:2:7::/64 (MRIB): Inserting route rn 0x55ab2698f300, re 0x55ab26a27e60 (connected) existing (nil)
2020/04/29 23:50:45 ZEBRA: 0:fcf0:0:2:7::/64: Adding route rn 0x55ab26a27cd0, re 0x55ab26a27740 (connected)
2020/04/29 23:50:45 ZEBRA: 0:fcf0:0:2:7::/64: Adding route rn 0x55ab2698f300, re 0x55ab26a27e60 (connected)
2020/04/29 23:50:45 ZEBRA: 0:fcf0:0:2:7::/64 update_from_ctx(): no fib nhg
2020/04/29 23:50:45 ZEBRA: 0:fcf0:0:2:7::/64 update_from_ctx(): rib nhg matched, changed 'false'
2020/04/29 23:50:45 ZEBRA: 0:fcf0:0:2:7::/64: Redist update re 0x55ab26a27740 (connected), old 0x0 (None)
2020/04/29 23:50:45 ZEBRA: MESSAGE: ZEBRA_INTERFACE_ADDRESS_ADD fcf0:0:2:3::1/64 on r2-r3(0)
2020/04/29 23:50:45 ZEBRA: rib_add_multipath: 0:fcf0:0:2:3::/64: Inserting route rn 0x55ab26a280b0, re 0x55ab269905f0 (connected) existing (nil)
2020/04/29 23:50:45 ZEBRA: rib_add_multipath: 0:fcf0:0:2:3::/64 (MRIB): Inserting route rn 0x55ab26a28290, re 0x55ab26a28190 (connected) existing (nil)
2020/04/29 23:50:45 ZEBRA: 0:fcf0:0:2:3::/64: Adding route rn 0x55ab26a280b0, re 0x55ab269905f0 (connected)
2020/04/29 23:50:45 ZEBRA: 0:fcf0:0:2:3::/64: Adding route rn 0x55ab26a28290, re 0x55ab26a28190 (connected)
2020/04/29 23:50:45 ZEBRA: 0:fcf0:0:2:3::/64 update_from_ctx(): no fib nhg
2020/04/29 23:50:45 ZEBRA: 0:fcf0:0:2:3::/64 update_from_ctx(): rib nhg matched, changed 'false'
2020/04/29 23:50:45 ZEBRA: 0:fcf0:0:2:3::/64: Redist update re 0x55ab269905f0 (connected), old 0x0 (None)
2020/04/29 23:51:13 ZEBRA: rib_add_multipath: 0:fcff:1::/32: Inserting route rn 0x55ab26a28470, re 0x55ab26a27bf0 (isis) existing (nil)
2020/04/29 23:51:13 ZEBRA: 0:fcff:1::/32: Adding route rn 0x55ab26a28470, re 0x55ab26a27bf0 (isis)
2020/04/29 23:51:13 ZEBRA: 0:fcff:1::/32 update_from_ctx(): no fib nhg
2020/04/29 23:51:13 ZEBRA: 0:fcff:1::/32 update_from_ctx(): rib nhg matched, changed 'true'
2020/04/29 23:51:13 ZEBRA: 0:fcff:1::/32: Redist update re 0x55ab26a27bf0 (isis), old 0x0 (None)
2020/04/29 23:51:15 ZEBRA: rib_add_multipath: 0:fcf0:0:3:4::/64: Inserting route rn 0x55ab26a28800, re 0x55ab26a284f0 (isis) existing (nil)
2020/04/29 23:51:15 ZEBRA: rib_add_multipath: 0:fcff:3::/32: Inserting route rn 0x55ab26a289c0, re 0x55ab26a288e0 (isis) existing (nil)
2020/04/29 23:51:15 ZEBRA: 0:fcf0:0:3:4::/64: Adding route rn 0x55ab26a28800, re 0x55ab26a284f0 (isis)
2020/04/29 23:51:15 ZEBRA: 0:fcff:3::/32: Adding route rn 0x55ab26a289c0, re 0x55ab26a288e0 (isis)
2020/04/29 23:51:15 ZEBRA: 0:fcf0:0:3:4::/64 update_from_ctx(): no fib nhg
2020/04/29 23:51:15 ZEBRA: 0:fcf0:0:3:4::/64 update_from_ctx(): rib nhg matched, changed 'true'
2020/04/29 23:51:15 ZEBRA: 0:fcf0:0:3:4::/64: Redist update re 0x55ab26a284f0 (isis), old 0x0 (None)
2020/04/29 23:51:15 ZEBRA: 0:fcff:3::/32 update_from_ctx(): no fib nhg
2020/04/29 23:51:15 ZEBRA: 0:fcff:3::/32 update_from_ctx(): rib nhg matched, changed 'false'
2020/04/29 23:51:15 ZEBRA: 0:fcff:3::/32: Redist update re 0x55ab26a288e0 (isis), old 0x0 (None)
2020/04/29 23:51:17 ZEBRA: rib_add_multipath: 0:fcf0:0:4:5::/64: Inserting route rn 0x55ab26a28ba0, re 0x55ab26a28550 (isis) existing (nil)
2020/04/29 23:51:17 ZEBRA: rib_add_multipath: 0:fcf0:0:4:6::/64: Inserting route rn 0x55ab26a28f40, re 0x55ab26a287a0 (isis) existing (nil)
2020/04/29 23:51:17 ZEBRA: rib_add_multipath: 0:fcff:4::/32: Inserting route rn 0x55ab26a29120, re 0x55ab26a29020 (isis) existing (nil)
2020/04/29 23:51:17 ZEBRA: 0:fcf0:0:4:5::/64: Adding route rn 0x55ab26a28ba0, re 0x55ab26a28550 (isis)
2020/04/29 23:51:17 ZEBRA: 0:fcf0:0:4:6::/64: Adding route rn 0x55ab26a28f40, re 0x55ab26a287a0 (isis)
2020/04/29 23:51:17 ZEBRA: 0:fcff:4::/32: Adding route rn 0x55ab26a29120, re 0x55ab26a29020 (isis)
2020/04/29 23:51:17 ZEBRA: 0:fcf0:0:4:5::/64 update_from_ctx(): no fib nhg
2020/04/29 23:51:17 ZEBRA: 0:fcf0:0:4:5::/64 update_from_ctx(): rib nhg matched, changed 'false'
2020/04/29 23:51:17 ZEBRA: 0:fcf0:0:4:5::/64: Redist update re 0x55ab26a28550 (isis), old 0x0 (None)
2020/04/29 23:51:17 ZEBRA: 0:fcf0:0:4:6::/64 update_from_ctx(): no fib nhg
2020/04/29 23:51:17 ZEBRA: 0:fcf0:0:4:6::/64 update_from_ctx(): rib nhg matched, changed 'false'
2020/04/29 23:51:17 ZEBRA: 0:fcf0:0:4:6::/64: Redist update re 0x55ab26a287a0 (isis), old 0x0 (None)
2020/04/29 23:51:17 ZEBRA: 0:fcff:4::/32 update_from_ctx(): no fib nhg
2020/04/29 23:51:17 ZEBRA: 0:fcff:4::/32 update_from_ctx(): rib nhg matched, changed 'false'
2020/04/29 23:51:17 ZEBRA: 0:fcff:4::/32: Redist update re 0x55ab26a29020 (isis), old 0x0 (None)
2020/04/29 23:51:18 ZEBRA: rib_add_multipath: 0:fcf0:0:5:6::/64: Inserting route rn 0x55ab26a29b80, re 0x55ab26a28da0 (isis) existing (nil)
2020/04/29 23:51:18 ZEBRA: rib_add_multipath: 0:fcff:5::/32: Inserting route rn 0x55ab26a29430, re 0x55ab26a29350 (isis) existing (nil)
2020/04/29 23:51:18 ZEBRA: 0:fcf0:0:5:6::/64: Adding route rn 0x55ab26a29b80, re 0x55ab26a28da0 (isis)
2020/04/29 23:51:18 ZEBRA: 0:fcff:5::/32: Adding route rn 0x55ab26a29430, re 0x55ab26a29350 (isis)
2020/04/29 23:51:18 ZEBRA: 0:fcf0:0:5:6::/64 update_from_ctx(): no fib nhg
2020/04/29 23:51:18 ZEBRA: 0:fcf0:0:5:6::/64 update_from_ctx(): rib nhg matched, changed 'false'
2020/04/29 23:51:18 ZEBRA: 0:fcf0:0:5:6::/64: Redist update re 0x55ab26a28da0 (isis), old 0x0 (None)
2020/04/29 23:51:18 ZEBRA: 0:fcff:5::/32 update_from_ctx(): no fib nhg
2020/04/29 23:51:18 ZEBRA: 0:fcff:5::/32 update_from_ctx(): rib nhg matched, changed 'false'
2020/04/29 23:51:18 ZEBRA: 0:fcff:5::/32: Redist update re 0x55ab26a29350 (isis), old 0x0 (None)
2020/04/29 23:51:19 ZEBRA: rib_add_multipath: 0:fcf0:0:6:7::/64: Inserting route rn 0x55ab26a295c0, re 0x55ab26a29200 (isis) existing (nil)
2020/04/29 23:51:19 ZEBRA: rib_add_multipath: 0:fcf0:0:6:8::/64: Inserting route rn 0x55ab26a29780, re 0x55ab26a296a0 (isis) existing (nil)
2020/04/29 23:51:19 ZEBRA: rib_add_multipath: 0:fcff:6::/32: Inserting route rn 0x55ab26a29940, re 0x55ab26a29860 (isis) existing (nil)
2020/04/29 23:51:19 ZEBRA: 0:fcf0:0:6:7::/64: Adding route rn 0x55ab26a295c0, re 0x55ab26a29200 (isis)
2020/04/29 23:51:19 ZEBRA: 0:fcf0:0:6:8::/64: Adding route rn 0x55ab26a29780, re 0x55ab26a296a0 (isis)
2020/04/29 23:51:19 ZEBRA: 0:fcff:6::/32: Adding route rn 0x55ab26a29940, re 0x55ab26a29860 (isis)
2020/04/29 23:51:19 ZEBRA: 0:fcf0:0:6:7::/64 update_from_ctx(): no fib nhg
2020/04/29 23:51:19 ZEBRA: 0:fcf0:0:6:7::/64 update_from_ctx(): rib nhg matched, changed 'false'
2020/04/29 23:51:19 ZEBRA: 0:fcf0:0:6:7::/64: Redist update re 0x55ab26a29200 (isis), old 0x0 (None)
2020/04/29 23:51:19 ZEBRA: 0:fcf0:0:6:8::/64 update_from_ctx(): no fib nhg
2020/04/29 23:51:19 ZEBRA: 0:fcf0:0:6:8::/64 update_from_ctx(): rib nhg matched, changed 'false'
2020/04/29 23:51:19 ZEBRA: 0:fcf0:0:6:8::/64: Redist update re 0x55ab26a296a0 (isis), old 0x0 (None)
2020/04/29 23:51:19 ZEBRA: 0:fcff:6::/32 update_from_ctx(): no fib nhg
2020/04/29 23:51:19 ZEBRA: 0:fcff:6::/32 update_from_ctx(): rib nhg matched, changed 'false'
2020/04/29 23:51:19 ZEBRA: 0:fcff:6::/32: Redist update re 0x55ab26a29860 (isis), old 0x0 (None)
2020/04/29 23:51:20 ZEBRA: rib_add_multipath: 0:fcf0:0:4:6::/64: Inserting route rn 0x55ab26a28f40, re 0x55ab26a29260 (isis) existing 0x55ab26a287a0
2020/04/29 23:51:20 ZEBRA: rib_delnode: 0:fcf0:0:4:6::/64: rn 0x55ab26a28f40, re 0x55ab26a287a0, removing
2020/04/29 23:51:20 ZEBRA: rib_add_multipath: 0:fcf0:0:5:6::/64: Inserting route rn 0x55ab26a29b80, re 0x55ab26a2a310 (isis) existing 0x55ab26a28da0
2020/04/29 23:51:20 ZEBRA: rib_delnode: 0:fcf0:0:5:6::/64: rn 0x55ab26a29b80, re 0x55ab26a28da0, removing
2020/04/29 23:51:20 ZEBRA: rib_add_multipath: 0:fcf0:0:6:7::/64: Inserting route rn 0x55ab26a295c0, re 0x55ab26a2a390 (isis) existing 0x55ab26a29200
2020/04/29 23:51:20 ZEBRA: rib_delnode: 0:fcf0:0:6:7::/64: rn 0x55ab26a295c0, re 0x55ab26a29200, removing
2020/04/29 23:51:20 ZEBRA: rib_add_multipath: 0:fcf0:0:6:8::/64: Inserting route rn 0x55ab26a29780, re 0x55ab26a2a410 (isis) existing 0x55ab26a296a0
2020/04/29 23:51:20 ZEBRA: rib_delnode: 0:fcf0:0:6:8::/64: rn 0x55ab26a29780, re 0x55ab26a296a0, removing
2020/04/29 23:51:20 ZEBRA: rib_add_multipath: 0:fcf0:0:7:8::/64: Inserting route rn 0x55ab26a29510, re 0x55ab26a2a490 (isis) existing (nil)
2020/04/29 23:51:20 ZEBRA: rib_add_multipath: 0:fcff:5::/32: Inserting route rn 0x55ab26a29430, re 0x55ab26a2a570 (isis) existing 0x55ab26a29350
2020/04/29 23:51:20 ZEBRA: rib_delnode: 0:fcff:5::/32: rn 0x55ab26a29430, re 0x55ab26a29350, removing
2020/04/29 23:51:20 ZEBRA: rib_add_multipath: 0:fcff:6::/32: Inserting route rn 0x55ab26a29940, re 0x55ab26a2a6f0 (isis) existing 0x55ab26a29860
2020/04/29 23:51:20 ZEBRA: rib_delnode: 0:fcff:6::/32: rn 0x55ab26a29940, re 0x55ab26a29860, removing
2020/04/29 23:51:20 ZEBRA: rib_add_multipath: 0:fcff:7::/32: Inserting route rn 0x55ab26a2a5f0, re 0x55ab26a2a770 (isis) existing (nil)
2020/04/29 23:51:20 ZEBRA: 0:fcf0:0:4:6::/64: Updating route rn 0x55ab26a28f40, re 0x55ab26a29260 (isis) old 0x55ab26a287a0 (isis)
2020/04/29 23:51:20 ZEBRA: 0:fcf0:0:4:6::/64: Redist del: re 0x55ab26a287a0 (isis), new re 0x55ab26a29260 (isis)
2020/04/29 23:51:20 ZEBRA: rib_process: 0:fcf0:0:4:6::/64: rn 0x55ab26a28f40, removing re 0x55ab26a287a0
2020/04/29 23:51:20 ZEBRA: rib_unlink: 0:fcf0:0:4:6::/64: rn 0x55ab26a28f40, re 0x55ab26a287a0
2020/04/29 23:51:20 ZEBRA: 0:fcf0:0:5:6::/64: Updating route rn 0x55ab26a29b80, re 0x55ab26a2a310 (isis) old 0x55ab26a28da0 (isis)
2020/04/29 23:51:20 ZEBRA: 0:fcf0:0:5:6::/64: Redist del: re 0x55ab26a28da0 (isis), new re 0x55ab26a2a310 (isis)
2020/04/29 23:51:20 ZEBRA: rib_process: 0:fcf0:0:5:6::/64: rn 0x55ab26a29b80, removing re 0x55ab26a28da0
2020/04/29 23:51:20 ZEBRA: rib_unlink: 0:fcf0:0:5:6::/64: rn 0x55ab26a29b80, re 0x55ab26a28da0
2020/04/29 23:51:20 ZEBRA: 0:fcf0:0:6:7::/64: Updating route rn 0x55ab26a295c0, re 0x55ab26a2a390 (isis) old 0x55ab26a29200 (isis)
2020/04/29 23:51:20 ZEBRA: 0:fcf0:0:6:7::/64: Redist del: re 0x55ab26a29200 (isis), new re 0x55ab26a2a390 (isis)
2020/04/29 23:51:20 ZEBRA: rib_process: 0:fcf0:0:6:7::/64: rn 0x55ab26a295c0, removing re 0x55ab26a29200
2020/04/29 23:51:20 ZEBRA: rib_unlink: 0:fcf0:0:6:7::/64: rn 0x55ab26a295c0, re 0x55ab26a29200
2020/04/29 23:51:20 ZEBRA: 0:fcf0:0:6:8::/64: Updating route rn 0x55ab26a29780, re 0x55ab26a2a410 (isis) old 0x55ab26a296a0 (isis)
2020/04/29 23:51:20 ZEBRA: 0:fcf0:0:6:8::/64: Redist del: re 0x55ab26a296a0 (isis), new re 0x55ab26a2a410 (isis)
2020/04/29 23:51:20 ZEBRA: rib_process: 0:fcf0:0:6:8::/64: rn 0x55ab26a29780, removing re 0x55ab26a296a0
2020/04/29 23:51:20 ZEBRA: rib_unlink: 0:fcf0:0:6:8::/64: rn 0x55ab26a29780, re 0x55ab26a296a0
2020/04/29 23:51:20 ZEBRA: 0:fcf0:0:7:8::/64: Adding route rn 0x55ab26a29510, re 0x55ab26a2a490 (isis)
2020/04/29 23:51:20 ZEBRA: 0:fcff:5::/32: Updating route rn 0x55ab26a29430, re 0x55ab26a2a570 (isis) old 0x55ab26a29350 (isis)
2020/04/29 23:51:20 ZEBRA: 0:fcff:5::/32: Redist del: re 0x55ab26a29350 (isis), new re 0x55ab26a2a570 (isis)
2020/04/29 23:51:20 ZEBRA: rib_process: 0:fcff:5::/32: rn 0x55ab26a29430, removing re 0x55ab26a29350
2020/04/29 23:51:20 ZEBRA: rib_unlink: 0:fcff:5::/32: rn 0x55ab26a29430, re 0x55ab26a29350
2020/04/29 23:51:20 ZEBRA: 0:fcff:6::/32: Updating route rn 0x55ab26a29940, re 0x55ab26a2a6f0 (isis) old 0x55ab26a29860 (isis)
2020/04/29 23:51:20 ZEBRA: 0:fcff:6::/32: Redist del: re 0x55ab26a29860 (isis), new re 0x55ab26a2a6f0 (isis)
2020/04/29 23:51:20 ZEBRA: rib_process: 0:fcff:6::/32: rn 0x55ab26a29940, removing re 0x55ab26a29860
2020/04/29 23:51:20 ZEBRA: rib_unlink: 0:fcff:6::/32: rn 0x55ab26a29940, re 0x55ab26a29860
2020/04/29 23:51:20 ZEBRA: 0:fcff:7::/32: Adding route rn 0x55ab26a2a5f0, re 0x55ab26a2a770 (isis)
2020/04/29 23:51:20 ZEBRA: 0:fcf0:0:4:6::/64 update_from_ctx(): no fib nhg
2020/04/29 23:51:20 ZEBRA: 0:fcf0:0:4:6::/64 update_from_ctx(): rib nhg matched, changed 'true'
2020/04/29 23:51:20 ZEBRA: 0:fcf0:0:4:6::/64: Redist update re 0x55ab26a29260 (isis), old 0x55ab26a29260 (isis)
2020/04/29 23:51:20 ZEBRA: 0:fcf0:0:5:6::/64 update_from_ctx(): no fib nhg
2020/04/29 23:51:20 ZEBRA: 0:fcf0:0:5:6::/64 update_from_ctx(): rib nhg matched, changed 'true'
2020/04/29 23:51:20 ZEBRA: 0:fcf0:0:5:6::/64: Redist update re 0x55ab26a2a310 (isis), old 0x55ab26a2a310 (isis)
2020/04/29 23:51:20 ZEBRA: 0:fcf0:0:6:7::/64 update_from_ctx(): no fib nhg
2020/04/29 23:51:20 ZEBRA: 0:fcf0:0:6:7::/64 update_from_ctx(): rib nhg matched, changed 'false'
2020/04/29 23:51:20 ZEBRA: 0:fcf0:0:6:7::/64: Redist update re 0x55ab26a2a390 (isis), old 0x55ab26a2a390 (isis)
2020/04/29 23:51:20 ZEBRA: 0:fcf0:0:6:8::/64 update_from_ctx(): no fib nhg
2020/04/29 23:51:20 ZEBRA: 0:fcf0:0:6:8::/64 update_from_ctx(): rib nhg matched, changed 'false'
2020/04/29 23:51:20 ZEBRA: 0:fcf0:0:6:8::/64: Redist update re 0x55ab26a2a410 (isis), old 0x55ab26a2a410 (isis)
2020/04/29 23:51:20 ZEBRA: 0:fcf0:0:7:8::/64 update_from_ctx(): no fib nhg
2020/04/29 23:51:20 ZEBRA: 0:fcf0:0:7:8::/64 update_from_ctx(): rib nhg matched, changed 'false'
2020/04/29 23:51:20 ZEBRA: 0:fcf0:0:7:8::/64: Redist update re 0x55ab26a2a490 (isis), old 0x0 (None)
2020/04/29 23:51:20 ZEBRA: 0:fcff:5::/32 update_from_ctx(): no fib nhg
2020/04/29 23:51:20 ZEBRA: 0:fcff:5::/32 update_from_ctx(): rib nhg matched, changed 'false'
2020/04/29 23:51:20 ZEBRA: 0:fcff:5::/32: Redist update re 0x55ab26a2a570 (isis), old 0x55ab26a2a570 (isis)
2020/04/29 23:51:20 ZEBRA: 0:fcff:6::/32 update_from_ctx(): no fib nhg
2020/04/29 23:51:20 ZEBRA: 0:fcff:6::/32 update_from_ctx(): rib nhg matched, changed 'false'
2020/04/29 23:51:20 ZEBRA: 0:fcff:6::/32: Redist update re 0x55ab26a2a6f0 (isis), old 0x55ab26a2a6f0 (isis)
2020/04/29 23:51:20 ZEBRA: 0:fcff:7::/32 update_from_ctx(): no fib nhg
2020/04/29 23:51:20 ZEBRA: 0:fcff:7::/32 update_from_ctx(): rib nhg matched, changed 'false'
2020/04/29 23:51:20 ZEBRA: 0:fcff:7::/32: Redist update re 0x55ab26a2a770 (isis), old 0x0 (None)
2020/04/29 23:51:21 ZEBRA: rib_add_multipath: 0:fcff:8::/32: Inserting route rn 0x55ab26a299c0, re 0x55ab26a287a0 (isis) existing (nil)
2020/04/29 23:51:21 ZEBRA: 0:fcff:8::/32: Adding route rn 0x55ab26a299c0, re 0x55ab26a287a0 (isis)
2020/04/29 23:51:21 ZEBRA: 0:fcff:8::/32 update_from_ctx(): no fib nhg
2020/04/29 23:51:21 ZEBRA: 0:fcff:8::/32 update_from_ctx(): rib nhg matched, changed 'false'
2020/04/29 23:51:21 ZEBRA: 0:fcff:8::/32: Redist update re 0x55ab26a287a0 (isis), old 0x0 (None)
2020/05/02 17:38:18 ZEBRA: Terminating on signal
2020/05/02 17:38:18 ZEBRA: Closing client 'isis'
2020/05/02 17:38:18 ZEBRA: release_daemon_table_chunks: Released 0 table chunks
2020/05/02 17:38:18 ZEBRA: rib_delnode: 0:fcf0:0:3:4::/64: rn 0x55ab26a28800, re 0x55ab26a284f0, removing
2020/05/02 17:38:18 ZEBRA: rib_delnode: 0:fcf0:0:4:5::/64: rn 0x55ab26a28ba0, re 0x55ab26a28550, removing
2020/05/02 17:38:18 ZEBRA: rib_delnode: 0:fcf0:0:4:6::/64: rn 0x55ab26a28f40, re 0x55ab26a29260, removing
2020/05/02 17:38:18 ZEBRA: rib_delnode: 0:fcf0:0:5:6::/64: rn 0x55ab26a29b80, re 0x55ab26a2a310, removing
2020/05/02 17:38:18 ZEBRA: rib_delnode: 0:fcf0:0:6:7::/64: rn 0x55ab26a295c0, re 0x55ab26a2a390, removing
2020/05/02 17:38:18 ZEBRA: rib_delnode: 0:fcf0:0:6:8::/64: rn 0x55ab26a29780, re 0x55ab26a2a410, removing
2020/05/02 17:38:18 ZEBRA: rib_delnode: 0:fcf0:0:7:8::/64: rn 0x55ab26a29510, re 0x55ab26a2a490, removing
2020/05/02 17:38:18 ZEBRA: rib_delnode: 0:fcff:1::/32: rn 0x55ab26a28470, re 0x55ab26a27bf0, removing
2020/05/02 17:38:18 ZEBRA: rib_delnode: 0:fcff:3::/32: rn 0x55ab26a289c0, re 0x55ab26a288e0, removing
2020/05/02 17:38:18 ZEBRA: rib_delnode: 0:fcff:4::/32: rn 0x55ab26a29120, re 0x55ab26a29020, removing
2020/05/02 17:38:18 ZEBRA: rib_delnode: 0:fcff:5::/32: rn 0x55ab26a29430, re 0x55ab26a2a570, removing
2020/05/02 17:38:18 ZEBRA: rib_delnode: 0:fcff:6::/32: rn 0x55ab26a29940, re 0x55ab26a2a6f0, removing
2020/05/02 17:38:18 ZEBRA: rib_delnode: 0:fcff:7::/32: rn 0x55ab26a2a5f0, re 0x55ab26a2a770, removing
2020/05/02 17:38:18 ZEBRA: rib_delnode: 0:fcff:8::/32: rn 0x55ab26a299c0, re 0x55ab26a287a0, removing
2020/05/02 17:38:18 ZEBRA: client 13 disconnected. 14 isis routes removed from the rib
2020/05/02 17:38:18 ZEBRA: VRF default id 0 is now inactive
2020/05/02 17:38:18 ZEBRA: MESSAGE: ZEBRA_VRF_DELETE default
2020/05/02 17:38:18 ZEBRA: rib_unlink: 0:fcf0:0:1:2::/64: rn 0x55ab26a278d0, re 0x55ab26a27640
2020/05/02 17:38:18 ZEBRA: rib_unlink: 0:fcf0:0:2:3::/64: rn 0x55ab26a280b0, re 0x55ab269905f0
2020/05/02 17:38:18 ZEBRA: rib_unlink: 0:fcf0:0:2:7::/64: rn 0x55ab26a27cd0, re 0x55ab26a27740
2020/05/02 17:38:18 ZEBRA: rib_unlink: 0:fcf0:0:3:4::/64: rn 0x55ab26a28800, re 0x55ab26a284f0
2020/05/02 17:38:18 ZEBRA: rib_unlink: 0:fcf0:0:4:5::/64: rn 0x55ab26a28ba0, re 0x55ab26a28550
2020/05/02 17:38:18 ZEBRA: rib_unlink: 0:fcf0:0:4:6::/64: rn 0x55ab26a28f40, re 0x55ab26a29260
2020/05/02 17:38:18 ZEBRA: rib_unlink: 0:fcf0:0:5:6::/64: rn 0x55ab26a29b80, re 0x55ab26a2a310
2020/05/02 17:38:18 ZEBRA: rib_unlink: 0:fcf0:0:6:7::/64: rn 0x55ab26a295c0, re 0x55ab26a2a390
2020/05/02 17:38:18 ZEBRA: rib_unlink: 0:fcf0:0:6:8::/64: rn 0x55ab26a29780, re 0x55ab26a2a410
2020/05/02 17:38:18 ZEBRA: rib_unlink: 0:fcf0:0:7:8::/64: rn 0x55ab26a29510, re 0x55ab26a2a490
2020/05/02 17:38:18 ZEBRA: rib_unlink: 0:fcff:1::/32: rn 0x55ab26a28470, re 0x55ab26a27bf0
2020/05/02 17:38:18 ZEBRA: rib_unlink: 0:fcff:2::/32: rn 0x55ab268150c0, re 0x55ab26815060
2020/05/02 17:38:18 ZEBRA: rib_unlink: 0:fcff:3::/32: rn 0x55ab26a289c0, re 0x55ab26a288e0
2020/05/02 17:38:18 ZEBRA: rib_unlink: 0:fcff:4::/32: rn 0x55ab26a29120, re 0x55ab26a29020
2020/05/02 17:38:18 ZEBRA: rib_unlink: 0:fcff:5::/32: rn 0x55ab26a29430, re 0x55ab26a2a570
2020/05/02 17:38:18 ZEBRA: rib_unlink: 0:fcff:6::/32: rn 0x55ab26a29940, re 0x55ab26a2a6f0
2020/05/02 17:38:18 ZEBRA: rib_unlink: 0:fcff:7::/32: rn 0x55ab26a2a5f0, re 0x55ab26a2a770
2020/05/02 17:38:18 ZEBRA: rib_unlink: 0:fcff:8::/32: rn 0x55ab26a299c0, re 0x55ab26a287a0
2020/05/02 17:38:18 ZEBRA: rib_unlink: 0:fe80::/64: rn 0x55ab268151d0, re 0x55ab26815a30
2020/05/02 17:38:18 ZEBRA: rib_unlink: 0:fe80::/64: rn 0x55ab268151d0, re 0x55ab26815680
2020/05/02 17:38:18 ZEBRA: rib_unlink: 0:fe80::/64: rn 0x55ab268151d0, re 0x55ab26814f80
2020/05/02 17:38:18 ZEBRA: rib_unlink: 0:fcf0:0:1:2::/64 (MRIB): rn 0x55ab26a27ab0, re 0x55ab26a279d0
2020/05/02 17:38:18 ZEBRA: rib_unlink: 0:fcf0:0:2:3::/64 (MRIB): rn 0x55ab26a28290, re 0x55ab26a28190
2020/05/02 17:38:18 ZEBRA: rib_unlink: 0:fcf0:0:2:7::/64 (MRIB): rn 0x55ab2698f300, re 0x55ab26a27e60
2020/05/02 17:38:18 ZEBRA: rib_unlink: 0:fcff:2::/32 (MRIB): rn 0x55ab26815bb0, re 0x55ab269909d0
2020/05/02 17:38:18 ZEBRA: rib_unlink: 0:fe80::/64 (MRIB): rn 0x55ab268154f0, re 0x55ab26815cc0
2020/05/02 17:38:18 ZEBRA: rib_unlink: 0:fe80::/64 (MRIB): rn 0x55ab268154f0, re 0x55ab268158d0
2020/05/02 17:38:18 ZEBRA: rib_unlink: 0:fe80::/64 (MRIB): rn 0x55ab268154f0, re 0x55ab26815410
2020/05/02 17:38:18 ZEBRA: VRF default id 0 deleted
2020/05/02 17:38:18 ZEBRA: Zebra final shutdown
