2020/04/29 23:50:47 ZEBRA: rib_sweep_table: dumping RE entry 0x55f953282b90 for fe80::/64 vrf 0
2020/04/29 23:50:47 ZEBRA: fe80::/64: uptime == 548853, type == 2, instance == 0, table == 254
2020/04/29 23:50:47 ZEBRA: fe80::/64: metric == 0, mtu == 0, distance == 0, flags == 0, status == 2
2020/04/29 23:50:47 ZEBRA: fe80::/64: nexthop_num == 1, nexthop_active_num == 0
2020/04/29 23:50:47 ZEBRA: fe80::/64: NH r5-r6[6] vrf default(0) with flags 
2020/04/29 23:50:47 ZEBRA: fe80::/64: dump complete
2020/04/29 23:50:47 ZEBRA: rib_sweep_table: dumping RE entry 0x55f9532828a0 for fe80::/64 vrf 0
2020/04/29 23:50:47 ZEBRA: fe80::/64: uptime == 548853, type == 2, instance == 0, table == 254
2020/04/29 23:50:47 ZEBRA: fe80::/64: metric == 0, mtu == 0, distance == 0, flags == 0, status == 2
2020/04/29 23:50:47 ZEBRA: fe80::/64: nexthop_num == 1, nexthop_active_num == 0
2020/04/29 23:50:47 ZEBRA: fe80::/64: NH r5-h53[5] vrf default(0) with flags 
2020/04/29 23:50:47 ZEBRA: fe80::/64: dump complete
2020/04/29 23:50:47 ZEBRA: rib_sweep_table: dumping RE entry 0x55f953282530 for fe80::/64 vrf 0
2020/04/29 23:50:47 ZEBRA: fe80::/64: uptime == 548853, type == 2, instance == 0, table == 254
2020/04/29 23:50:47 ZEBRA: fe80::/64: metric == 0, mtu == 0, distance == 0, flags == 0, status == 2
2020/04/29 23:50:47 ZEBRA: fe80::/64: nexthop_num == 1, nexthop_active_num == 0
2020/04/29 23:50:47 ZEBRA: fe80::/64: NH r5-h52[4] vrf default(0) with flags 
2020/04/29 23:50:47 ZEBRA: fe80::/64: dump complete
2020/04/29 23:50:47 ZEBRA: rib_sweep_table: dumping RE entry 0x55f953282180 for fe80::/64 vrf 0
2020/04/29 23:50:47 ZEBRA: fe80::/64: uptime == 548853, type == 2, instance == 0, table == 254
2020/04/29 23:50:47 ZEBRA: fe80::/64: metric == 0, mtu == 0, distance == 0, flags == 0, status == 2
2020/04/29 23:50:47 ZEBRA: fe80::/64: nexthop_num == 1, nexthop_active_num == 0
2020/04/29 23:50:47 ZEBRA: fe80::/64: NH r5-h51[3] vrf default(0) with flags 
2020/04/29 23:50:47 ZEBRA: fe80::/64: dump complete
2020/04/29 23:50:47 ZEBRA: rib_sweep_table: dumping RE entry 0x55f953281ad0 for fe80::/64 vrf 0
2020/04/29 23:50:47 ZEBRA: fe80::/64: uptime == 548853, type == 2, instance == 0, table == 254
2020/04/29 23:50:47 ZEBRA: fe80::/64: metric == 0, mtu == 0, distance == 0, flags == 0, status == 2
2020/04/29 23:50:47 ZEBRA: fe80::/64: nexthop_num == 1, nexthop_active_num == 0
2020/04/29 23:50:47 ZEBRA: fe80::/64: NH r5-r4[2] vrf default(0) with flags 
2020/04/29 23:50:47 ZEBRA: fe80::/64: dump complete
2020/04/29 23:50:47 ZEBRA: rib_sweep_table: dumping RE entry 0x55f953282b90 for fe80::/64 vrf 0
2020/04/29 23:50:47 ZEBRA: fe80::/64: uptime == 548853, type == 2, instance == 0, table == 254
2020/04/29 23:50:47 ZEBRA: fe80::/64: metric == 0, mtu == 0, distance == 0, flags == 0, status == 2
2020/04/29 23:50:47 ZEBRA: fe80::/64: nexthop_num == 1, nexthop_active_num == 0
2020/04/29 23:50:47 ZEBRA: fe80::/64: NH r5-r6[6] vrf default(0) with flags 
2020/04/29 23:50:47 ZEBRA: fe80::/64: dump complete
2020/04/29 23:50:47 ZEBRA: rib_sweep_table: dumping RE entry 0x55f9532828a0 for fe80::/64 vrf 0
2020/04/29 23:50:47 ZEBRA: fe80::/64: uptime == 548853, type == 2, instance == 0, table == 254
2020/04/29 23:50:47 ZEBRA: fe80::/64: metric == 0, mtu == 0, distance == 0, flags == 0, status == 2
2020/04/29 23:50:47 ZEBRA: fe80::/64: nexthop_num == 1, nexthop_active_num == 0
2020/04/29 23:50:47 ZEBRA: fe80::/64: NH r5-h53[5] vrf default(0) with flags 
2020/04/29 23:50:47 ZEBRA: fe80::/64: dump complete
2020/04/29 23:50:47 ZEBRA: rib_sweep_table: dumping RE entry 0x55f953282530 for fe80::/64 vrf 0
2020/04/29 23:50:47 ZEBRA: fe80::/64: uptime == 548853, type == 2, instance == 0, table == 254
2020/04/29 23:50:47 ZEBRA: fe80::/64: metric == 0, mtu == 0, distance == 0, flags == 0, status == 2
2020/04/29 23:50:47 ZEBRA: fe80::/64: nexthop_num == 1, nexthop_active_num == 0
2020/04/29 23:50:47 ZEBRA: fe80::/64: NH r5-h52[4] vrf default(0) with flags 
2020/04/29 23:50:47 ZEBRA: fe80::/64: dump complete
2020/04/29 23:50:47 ZEBRA: rib_sweep_table: dumping RE entry 0x55f953282180 for fe80::/64 vrf 0
2020/04/29 23:50:47 ZEBRA: fe80::/64: uptime == 548853, type == 2, instance == 0, table == 254
2020/04/29 23:50:47 ZEBRA: fe80::/64: metric == 0, mtu == 0, distance == 0, flags == 0, status == 2
2020/04/29 23:50:47 ZEBRA: fe80::/64: nexthop_num == 1, nexthop_active_num == 0
2020/04/29 23:50:47 ZEBRA: fe80::/64: NH r5-h51[3] vrf default(0) with flags 
2020/04/29 23:50:47 ZEBRA: fe80::/64: dump complete
2020/04/29 23:50:47 ZEBRA: rib_sweep_table: dumping RE entry 0x55f953281ad0 for fe80::/64 vrf 0
2020/04/29 23:50:47 ZEBRA: fe80::/64: uptime == 548853, type == 2, instance == 0, table == 254
2020/04/29 23:50:47 ZEBRA: fe80::/64: metric == 0, mtu == 0, distance == 0, flags == 0, status == 2
2020/04/29 23:50:47 ZEBRA: fe80::/64: nexthop_num == 1, nexthop_active_num == 0
2020/04/29 23:50:47 ZEBRA: fe80::/64: NH r5-r4[2] vrf default(0) with flags 
2020/04/29 23:50:47 ZEBRA: fe80::/64: dump complete
2020/04/29 23:50:47 ZEBRA: rib_sweep_table: dumping RE entry 0x55f953282da0 for fe80::/64 vrf 0
2020/04/29 23:50:47 ZEBRA: fe80::/64: uptime == 548853, type == 2, instance == 0, table == 254
2020/04/29 23:50:47 ZEBRA: fe80::/64: metric == 0, mtu == 0, distance == 0, flags == 0, status == 2
2020/04/29 23:50:47 ZEBRA: fe80::/64: nexthop_num == 1, nexthop_active_num == 0
2020/04/29 23:50:47 ZEBRA: fe80::/64: NH r5-r6[6] vrf default(0) with flags 
2020/04/29 23:50:47 ZEBRA: fe80::/64: dump complete
2020/04/29 23:50:47 ZEBRA: rib_sweep_table: dumping RE entry 0x55f953282ab0 for fe80::/64 vrf 0
2020/04/29 23:50:47 ZEBRA: fe80::/64: uptime == 548853, type == 2, instance == 0, table == 254
2020/04/29 23:50:47 ZEBRA: fe80::/64: metric == 0, mtu == 0, distance == 0, flags == 0, status == 2
2020/04/29 23:50:47 ZEBRA: fe80::/64: nexthop_num == 1, nexthop_active_num == 0
2020/04/29 23:50:47 ZEBRA: fe80::/64: NH r5-h53[5] vrf default(0) with flags 
2020/04/29 23:50:47 ZEBRA: fe80::/64: dump complete
2020/04/29 23:50:47 ZEBRA: rib_sweep_table: dumping RE entry 0x55f9532827c0 for fe80::/64 vrf 0
2020/04/29 23:50:47 ZEBRA: fe80::/64: uptime == 548853, type == 2, instance == 0, table == 254
2020/04/29 23:50:47 ZEBRA: fe80::/64: metric == 0, mtu == 0, distance == 0, flags == 0, status == 2
2020/04/29 23:50:47 ZEBRA: fe80::/64: nexthop_num == 1, nexthop_active_num == 0
2020/04/29 23:50:47 ZEBRA: fe80::/64: NH r5-h52[4] vrf default(0) with flags 
2020/04/29 23:50:47 ZEBRA: fe80::/64: dump complete
2020/04/29 23:50:47 ZEBRA: rib_sweep_table: dumping RE entry 0x55f9532823d0 for fe80::/64 vrf 0
2020/04/29 23:50:47 ZEBRA: fe80::/64: uptime == 548853, type == 2, instance == 0, table == 254
2020/04/29 23:50:47 ZEBRA: fe80::/64: metric == 0, mtu == 0, distance == 0, flags == 0, status == 2
2020/04/29 23:50:47 ZEBRA: fe80::/64: nexthop_num == 1, nexthop_active_num == 0
2020/04/29 23:50:47 ZEBRA: fe80::/64: NH r5-h51[3] vrf default(0) with flags 
2020/04/29 23:50:47 ZEBRA: fe80::/64: dump complete
2020/04/29 23:50:47 ZEBRA: rib_sweep_table: dumping RE entry 0x55f953281f10 for fe80::/64 vrf 0
2020/04/29 23:50:47 ZEBRA: fe80::/64: uptime == 548853, type == 2, instance == 0, table == 254
2020/04/29 23:50:47 ZEBRA: fe80::/64: metric == 0, mtu == 0, distance == 0, flags == 0, status == 2
2020/04/29 23:50:47 ZEBRA: fe80::/64: nexthop_num == 1, nexthop_active_num == 0
2020/04/29 23:50:47 ZEBRA: fe80::/64: NH r5-r4[2] vrf default(0) with flags 
2020/04/29 23:50:47 ZEBRA: fe80::/64: dump complete
2020/04/29 23:50:47 ZEBRA: 0:fe80::/64: Adding route rn 0x55f953281d20, re 0x55f953281ad0 (connected)
2020/04/29 23:50:47 ZEBRA: 0:fe80::/64: Adding route rn 0x55f953281ff0, re 0x55f953281f10 (connected)
2020/04/29 23:50:47 ZEBRA: MESSAGE: ZEBRA_INTERFACE_ADDRESS_ADD fcff:5::1/32 on lo(0)
2020/04/29 23:50:47 ZEBRA: rib_add_multipath: 0:fcff:5::/32: Inserting route rn 0x55f9532822c0, re 0x55f953281bb0 (connected) existing (nil)
2020/04/29 23:50:47 ZEBRA: rib_add_multipath: 0:fcff:5::/32 (MRIB): Inserting route rn 0x55f9532829a0, re 0x55f953282920 (connected) existing (nil)
2020/04/29 23:50:47 ZEBRA: 0:fe80::/64 update_from_ctx(): no fib nhg
2020/04/29 23:50:47 ZEBRA: 0:fe80::/64 update_from_ctx(): changed false, adding new fib nhg
2020/04/29 23:50:47 ZEBRA: 0:fe80::/64: Redist update re 0x55f953282b90 (connected), old 0x0 (None)
2020/04/29 23:50:47 ZEBRA: Redist update filter prefix fe80::/64
2020/04/29 23:50:47 ZEBRA: 0:fcff:5::/32: Adding route rn 0x55f9532822c0, re 0x55f953281bb0 (connected)
2020/04/29 23:50:47 ZEBRA: 0:fcff:5::/32: Adding route rn 0x55f9532829a0, re 0x55f953282920 (connected)
2020/04/29 23:50:47 ZEBRA: 0:fcff:5::/32 update_from_ctx(): no fib nhg
2020/04/29 23:50:47 ZEBRA: 0:fcff:5::/32 update_from_ctx(): rib nhg matched, changed 'false'
2020/04/29 23:50:47 ZEBRA: 0:fcff:5::/32: Redist update re 0x55f953281bb0 (connected), old 0x0 (None)
2020/04/29 23:50:48 ZEBRA: client 13 says hello and bids fair to announce only isis routes vrf=0
2020/04/29 23:50:48 ZEBRA: bfd_client_register msg from client isis: length=4
2020/04/29 23:50:48 ZEBRA: MESSAGE: ZEBRA_INTERFACE_ADDRESS_ADD fcf0:0:4:5::2/64 on r5-r4(0)
2020/04/29 23:50:48 ZEBRA: rib_add_multipath: 0:fcf0:0:4:5::/64: Inserting route rn 0x55f953495390, re 0x55f953495100 (connected) existing (nil)
2020/04/29 23:50:48 ZEBRA: rib_add_multipath: 0:fcf0:0:4:5::/64 (MRIB): Inserting route rn 0x55f9534955b0, re 0x55f9534954b0 (connected) existing (nil)
2020/04/29 23:50:48 ZEBRA: 0:fcf0:0:4:5::/64: Adding route rn 0x55f953495390, re 0x55f953495100 (connected)
2020/04/29 23:50:48 ZEBRA: 0:fcf0:0:4:5::/64: Adding route rn 0x55f9534955b0, re 0x55f9534954b0 (connected)
2020/04/29 23:50:48 ZEBRA: 0:fcf0:0:4:5::/64 update_from_ctx(): no fib nhg
2020/04/29 23:50:48 ZEBRA: 0:fcf0:0:4:5::/64 update_from_ctx(): rib nhg matched, changed 'false'
2020/04/29 23:50:48 ZEBRA: 0:fcf0:0:4:5::/64: Redist update re 0x55f953495100 (connected), old 0x0 (None)
2020/04/29 23:50:48 ZEBRA: MESSAGE: ZEBRA_INTERFACE_ADDRESS_ADD fd00:0:53::1/64 on r5-h53(0)
2020/04/29 23:50:48 ZEBRA: rib_add_multipath: 0:fd00:0:53::/64: Inserting route rn 0x55f953495790, re 0x55f953495200 (connected) existing (nil)
2020/04/29 23:50:48 ZEBRA: rib_add_multipath: 0:fd00:0:53::/64 (MRIB): Inserting route rn 0x55f953495a20, re 0x55f953495920 (connected) existing (nil)
2020/04/29 23:50:48 ZEBRA: 0:fd00:0:53::/64: Adding route rn 0x55f953495790, re 0x55f953495200 (connected)
2020/04/29 23:50:48 ZEBRA: 0:fd00:0:53::/64: Adding route rn 0x55f953495a20, re 0x55f953495920 (connected)
2020/04/29 23:50:48 ZEBRA: 0:fd00:0:53::/64 update_from_ctx(): no fib nhg
2020/04/29 23:50:48 ZEBRA: 0:fd00:0:53::/64 update_from_ctx(): rib nhg matched, changed 'false'
2020/04/29 23:50:48 ZEBRA: 0:fd00:0:53::/64: Redist update re 0x55f953495200 (connected), old 0x0 (None)
2020/04/29 23:50:48 ZEBRA: MESSAGE: ZEBRA_INTERFACE_ADDRESS_ADD fd00:0:52::1/64 on r5-h52(0)
2020/04/29 23:50:48 ZEBRA: rib_add_multipath: 0:fd00:0:52::/64: Inserting route rn 0x55f953495bc0, re 0x55f9533fd6c0 (connected) existing (nil)
2020/04/29 23:50:48 ZEBRA: rib_add_multipath: 0:fd00:0:52::/64 (MRIB): Inserting route rn 0x55f953495d80, re 0x55f953495ca0 (connected) existing (nil)
2020/04/29 23:50:48 ZEBRA: 0:fd00:0:52::/64: Adding route rn 0x55f953495bc0, re 0x55f9533fd6c0 (connected)
2020/04/29 23:50:48 ZEBRA: 0:fd00:0:52::/64: Adding route rn 0x55f953495d80, re 0x55f953495ca0 (connected)
2020/04/29 23:50:48 ZEBRA: 0:fd00:0:52::/64 update_from_ctx(): no fib nhg
2020/04/29 23:50:48 ZEBRA: 0:fd00:0:52::/64 update_from_ctx(): rib nhg matched, changed 'false'
2020/04/29 23:50:48 ZEBRA: 0:fd00:0:52::/64: Redist update re 0x55f9533fd6c0 (connected), old 0x0 (None)
2020/04/29 23:50:48 ZEBRA: MESSAGE: ZEBRA_INTERFACE_ADDRESS_ADD fcf0:0:5:6::1/64 on r5-r6(0)
2020/04/29 23:50:48 ZEBRA: rib_add_multipath: 0:fcf0:0:5:6::/64: Inserting route rn 0x55f953495fa0, re 0x55f9534956b0 (connected) existing (nil)
2020/04/29 23:50:48 ZEBRA: rib_add_multipath: 0:fcf0:0:5:6::/64 (MRIB): Inserting route rn 0x55f953496180, re 0x55f953496080 (connected) existing (nil)
2020/04/29 23:50:49 ZEBRA: 0:fcf0:0:5:6::/64: Adding route rn 0x55f953495fa0, re 0x55f9534956b0 (connected)
2020/04/29 23:50:49 ZEBRA: 0:fcf0:0:5:6::/64: Adding route rn 0x55f953496180, re 0x55f953496080 (connected)
2020/04/29 23:50:49 ZEBRA: 0:fcf0:0:5:6::/64 update_from_ctx(): no fib nhg
2020/04/29 23:50:49 ZEBRA: 0:fcf0:0:5:6::/64 update_from_ctx(): rib nhg matched, changed 'false'
2020/04/29 23:50:49 ZEBRA: 0:fcf0:0:5:6::/64: Redist update re 0x55f9534956b0 (connected), old 0x0 (None)
2020/04/29 23:50:49 ZEBRA: MESSAGE: ZEBRA_INTERFACE_ADDRESS_ADD fd00:0:51::1/64 on r5-h51(0)
2020/04/29 23:50:49 ZEBRA: rib_add_multipath: 0:fd00:0:51::/64: Inserting route rn 0x55f953496340, re 0x55f953495e60 (connected) existing (nil)
2020/04/29 23:50:49 ZEBRA: rib_add_multipath: 0:fd00:0:51::/64 (MRIB): Inserting route rn 0x55f953496500, re 0x55f953496420 (connected) existing (nil)
2020/04/29 23:50:49 ZEBRA: 0:fd00:0:51::/64: Adding route rn 0x55f953496340, re 0x55f953495e60 (connected)
2020/04/29 23:50:49 ZEBRA: 0:fd00:0:51::/64: Adding route rn 0x55f953496500, re 0x55f953496420 (connected)
2020/04/29 23:50:49 ZEBRA: 0:fd00:0:51::/64 update_from_ctx(): no fib nhg
2020/04/29 23:50:49 ZEBRA: 0:fd00:0:51::/64 update_from_ctx(): rib nhg matched, changed 'false'
2020/04/29 23:50:49 ZEBRA: 0:fd00:0:51::/64: Redist update re 0x55f953495e60 (connected), old 0x0 (None)
2020/04/29 23:51:17 ZEBRA: rib_add_multipath: 0:fcf0:0:1:2::/64: Inserting route rn 0x55f9534966e0, re 0x55f953495f40 (isis) existing (nil)
2020/04/29 23:51:17 ZEBRA: rib_add_multipath: 0:fcf0:0:2:3::/64: Inserting route rn 0x55f9534969b0, re 0x55f9534967c0 (isis) existing (nil)
2020/04/29 23:51:17 ZEBRA: rib_add_multipath: 0:fcf0:0:2:7::/64: Inserting route rn 0x55f953496b90, re 0x55f953496a90 (isis) existing (nil)
2020/04/29 23:51:17 ZEBRA: rib_add_multipath: 0:fcf0:0:3:4::/64: Inserting route rn 0x55f953496d70, re 0x55f953496c70 (isis) existing (nil)
2020/04/29 23:51:17 ZEBRA: rib_add_multipath: 0:fcf0:0:4:6::/64: Inserting route rn 0x55f953496f50, re 0x55f953496e50 (isis) existing (nil)
2020/04/29 23:51:17 ZEBRA: rib_add_multipath: 0:fcff:1::/32: Inserting route rn 0x55f953497130, re 0x55f953497030 (isis) existing (nil)
2020/04/29 23:51:17 ZEBRA: rib_add_multipath: 0:fcff:2::/32: Inserting route rn 0x55f953497310, re 0x55f953497210 (isis) existing (nil)
2020/04/29 23:51:17 ZEBRA: rib_add_multipath: 0:fcff:3::/32: Inserting route rn 0x55f9534974f0, re 0x55f9534973f0 (isis) existing (nil)
2020/04/29 23:51:17 ZEBRA: rib_add_multipath: 0:fcff:4::/32: Inserting route rn 0x55f9534976d0, re 0x55f9534975d0 (isis) existing (nil)
2020/04/29 23:51:17 ZEBRA: 0:fcf0:0:1:2::/64: Adding route rn 0x55f9534966e0, re 0x55f953495f40 (isis)
2020/04/29 23:51:17 ZEBRA: 0:fcf0:0:2:3::/64: Adding route rn 0x55f9534969b0, re 0x55f9534967c0 (isis)
2020/04/29 23:51:17 ZEBRA: 0:fcf0:0:2:7::/64: Adding route rn 0x55f953496b90, re 0x55f953496a90 (isis)
2020/04/29 23:51:17 ZEBRA: 0:fcf0:0:3:4::/64: Adding route rn 0x55f953496d70, re 0x55f953496c70 (isis)
2020/04/29 23:51:17 ZEBRA: 0:fcf0:0:4:6::/64: Adding route rn 0x55f953496f50, re 0x55f953496e50 (isis)
2020/04/29 23:51:17 ZEBRA: 0:fcff:1::/32: Adding route rn 0x55f953497130, re 0x55f953497030 (isis)
2020/04/29 23:51:17 ZEBRA: 0:fcff:2::/32: Adding route rn 0x55f953497310, re 0x55f953497210 (isis)
2020/04/29 23:51:17 ZEBRA: 0:fcff:3::/32: Adding route rn 0x55f9534974f0, re 0x55f9534973f0 (isis)
2020/04/29 23:51:17 ZEBRA: 0:fcff:4::/32: Adding route rn 0x55f9534976d0, re 0x55f9534975d0 (isis)
2020/04/29 23:51:17 ZEBRA: 0:fcf0:0:1:2::/64 update_from_ctx(): no fib nhg
2020/04/29 23:51:17 ZEBRA: 0:fcf0:0:1:2::/64 update_from_ctx(): rib nhg matched, changed 'true'
2020/04/29 23:51:17 ZEBRA: 0:fcf0:0:1:2::/64: Redist update re 0x55f953495f40 (isis), old 0x0 (None)
2020/04/29 23:51:17 ZEBRA: 0:fcf0:0:2:3::/64 update_from_ctx(): no fib nhg
2020/04/29 23:51:17 ZEBRA: 0:fcf0:0:2:3::/64 update_from_ctx(): rib nhg matched, changed 'false'
2020/04/29 23:51:17 ZEBRA: 0:fcf0:0:2:3::/64: Redist update re 0x55f9534967c0 (isis), old 0x0 (None)
2020/04/29 23:51:17 ZEBRA: 0:fcf0:0:2:7::/64 update_from_ctx(): no fib nhg
2020/04/29 23:51:17 ZEBRA: 0:fcf0:0:2:7::/64 update_from_ctx(): rib nhg matched, changed 'false'
2020/04/29 23:51:17 ZEBRA: 0:fcf0:0:2:7::/64: Redist update re 0x55f953496a90 (isis), old 0x0 (None)
2020/04/29 23:51:17 ZEBRA: 0:fcf0:0:3:4::/64 update_from_ctx(): no fib nhg
2020/04/29 23:51:17 ZEBRA: 0:fcf0:0:3:4::/64 update_from_ctx(): rib nhg matched, changed 'false'
2020/04/29 23:51:17 ZEBRA: 0:fcf0:0:3:4::/64: Redist update re 0x55f953496c70 (isis), old 0x0 (None)
2020/04/29 23:51:17 ZEBRA: 0:fcf0:0:4:6::/64 update_from_ctx(): no fib nhg
2020/04/29 23:51:17 ZEBRA: 0:fcf0:0:4:6::/64 update_from_ctx(): rib nhg matched, changed 'false'
2020/04/29 23:51:17 ZEBRA: 0:fcf0:0:4:6::/64: Redist update re 0x55f953496e50 (isis), old 0x0 (None)
2020/04/29 23:51:17 ZEBRA: 0:fcff:1::/32 update_from_ctx(): no fib nhg
2020/04/29 23:51:17 ZEBRA: 0:fcff:1::/32 update_from_ctx(): rib nhg matched, changed 'false'
2020/04/29 23:51:17 ZEBRA: 0:fcff:1::/32: Redist update re 0x55f953497030 (isis), old 0x0 (None)
2020/04/29 23:51:17 ZEBRA: 0:fcff:2::/32 update_from_ctx(): no fib nhg
2020/04/29 23:51:17 ZEBRA: 0:fcff:2::/32 update_from_ctx(): rib nhg matched, changed 'false'
2020/04/29 23:51:17 ZEBRA: 0:fcff:2::/32: Redist update re 0x55f953497210 (isis), old 0x0 (None)
2020/04/29 23:51:17 ZEBRA: 0:fcff:3::/32 update_from_ctx(): no fib nhg
2020/04/29 23:51:17 ZEBRA: 0:fcff:3::/32 update_from_ctx(): rib nhg matched, changed 'false'
2020/04/29 23:51:17 ZEBRA: 0:fcff:3::/32: Redist update re 0x55f9534973f0 (isis), old 0x0 (None)
2020/04/29 23:51:17 ZEBRA: 0:fcff:4::/32 update_from_ctx(): no fib nhg
2020/04/29 23:51:17 ZEBRA: 0:fcff:4::/32 update_from_ctx(): rib nhg matched, changed 'false'
2020/04/29 23:51:17 ZEBRA: 0:fcff:4::/32: Redist update re 0x55f9534975d0 (isis), old 0x0 (None)
2020/04/29 23:51:20 ZEBRA: rib_add_multipath: 0:fcf0:0:4:6::/64: Inserting route rn 0x55f953496f50, re 0x55f9534962e0 (isis) existing 0x55f953496e50
2020/04/29 23:51:20 ZEBRA: rib_delnode: 0:fcf0:0:4:6::/64: rn 0x55f953496f50, re 0x55f953496e50, removing
2020/04/29 23:51:20 ZEBRA: rib_add_multipath: 0:fcf0:0:6:7::/64: Inserting route rn 0x55f9534965e0, re 0x55f953497f60 (isis) existing (nil)
2020/04/29 23:51:20 ZEBRA: rib_add_multipath: 0:fcf0:0:6:8::/64: Inserting route rn 0x55f953498100, re 0x55f953498020 (isis) existing (nil)
2020/04/29 23:51:20 ZEBRA: rib_add_multipath: 0:fcff:6::/32: Inserting route rn 0x55f9534982c0, re 0x55f9534981e0 (isis) existing (nil)
2020/04/29 23:51:20 ZEBRA: 0:fcf0:0:4:6::/64: Updating route rn 0x55f953496f50, re 0x55f9534962e0 (isis) old 0x55f953496e50 (isis)
2020/04/29 23:51:20 ZEBRA: 0:fcf0:0:4:6::/64: Redist del: re 0x55f953496e50 (isis), new re 0x55f9534962e0 (isis)
2020/04/29 23:51:20 ZEBRA: rib_process: 0:fcf0:0:4:6::/64: rn 0x55f953496f50, removing re 0x55f953496e50
2020/04/29 23:51:20 ZEBRA: rib_unlink: 0:fcf0:0:4:6::/64: rn 0x55f953496f50, re 0x55f953496e50
2020/04/29 23:51:20 ZEBRA: 0:fcf0:0:6:7::/64: Adding route rn 0x55f9534965e0, re 0x55f953497f60 (isis)
2020/04/29 23:51:20 ZEBRA: 0:fcf0:0:6:8::/64: Adding route rn 0x55f953498100, re 0x55f953498020 (isis)
2020/04/29 23:51:20 ZEBRA: 0:fcff:6::/32: Adding route rn 0x55f9534982c0, re 0x55f9534981e0 (isis)
2020/04/29 23:51:20 ZEBRA: 0:fcf0:0:4:6::/64 update_from_ctx(): no fib nhg
2020/04/29 23:51:20 ZEBRA: 0:fcf0:0:4:6::/64 update_from_ctx(): rib nhg matched, changed 'true'
2020/04/29 23:51:20 ZEBRA: 0:fcf0:0:4:6::/64: Redist update re 0x55f9534962e0 (isis), old 0x55f9534962e0 (isis)
2020/04/29 23:51:20 ZEBRA: 0:fcf0:0:6:7::/64 update_from_ctx(): no fib nhg
2020/04/29 23:51:20 ZEBRA: 0:fcf0:0:6:7::/64 update_from_ctx(): rib nhg matched, changed 'true'
2020/04/29 23:51:20 ZEBRA: 0:fcf0:0:6:7::/64: Redist update re 0x55f953497f60 (isis), old 0x0 (None)
2020/04/29 23:51:20 ZEBRA: 0:fcf0:0:6:8::/64 update_from_ctx(): no fib nhg
2020/04/29 23:51:20 ZEBRA: 0:fcf0:0:6:8::/64 update_from_ctx(): rib nhg matched, changed 'false'
2020/04/29 23:51:20 ZEBRA: 0:fcf0:0:6:8::/64: Redist update re 0x55f953498020 (isis), old 0x0 (None)
2020/04/29 23:51:20 ZEBRA: 0:fcff:6::/32 update_from_ctx(): no fib nhg
2020/04/29 23:51:20 ZEBRA: 0:fcff:6::/32 update_from_ctx(): rib nhg matched, changed 'false'
2020/04/29 23:51:20 ZEBRA: 0:fcff:6::/32: Redist update re 0x55f9534981e0 (isis), old 0x0 (None)
2020/04/29 23:51:21 ZEBRA: rib_add_multipath: 0:fcf0:0:1:2::/64: Inserting route rn 0x55f9534966e0, re 0x55f953496760 (isis) existing 0x55f953495f40
2020/04/29 23:51:21 ZEBRA: rib_delnode: 0:fcf0:0:1:2::/64: rn 0x55f9534966e0, re 0x55f953495f40, removing
2020/04/29 23:51:21 ZEBRA: rib_add_multipath: 0:fcf0:0:2:7::/64: Inserting route rn 0x55f953496b90, re 0x55f953498890 (isis) existing 0x55f953496a90
2020/04/29 23:51:21 ZEBRA: rib_delnode: 0:fcf0:0:2:7::/64: rn 0x55f953496b90, re 0x55f953496a90, removing
2020/04/29 23:51:21 ZEBRA: rib_add_multipath: 0:fcf0:0:7:8::/64: Inserting route rn 0x55f953496e50, re 0x55f9534988f0 (isis) existing (nil)
2020/04/29 23:51:21 ZEBRA: rib_add_multipath: 0:fcff:1::/32: Inserting route rn 0x55f953497130, re 0x55f9534989b0 (isis) existing 0x55f953497030
2020/04/29 23:51:21 ZEBRA: rib_delnode: 0:fcff:1::/32: rn 0x55f953497130, re 0x55f953497030, removing
2020/04/29 23:51:21 ZEBRA: rib_add_multipath: 0:fcff:2::/32: Inserting route rn 0x55f953497310, re 0x55f953498b10 (isis) existing 0x55f953497210
2020/04/29 23:51:21 ZEBRA: rib_delnode: 0:fcff:2::/32: rn 0x55f953497310, re 0x55f953497210, removing
2020/04/29 23:51:21 ZEBRA: rib_add_multipath: 0:fcff:7::/32: Inserting route rn 0x55f953498a90, re 0x55f953498b70 (isis) existing (nil)
2020/04/29 23:51:21 ZEBRA: 0:fcf0:0:1:2::/64: Updating route rn 0x55f9534966e0, re 0x55f953496760 (isis) old 0x55f953495f40 (isis)
2020/04/29 23:51:21 ZEBRA: 0:fcf0:0:1:2::/64: Redist del: re 0x55f953495f40 (isis), new re 0x55f953496760 (isis)
2020/04/29 23:51:21 ZEBRA: rib_process: 0:fcf0:0:1:2::/64: rn 0x55f9534966e0, removing re 0x55f953495f40
2020/04/29 23:51:21 ZEBRA: rib_unlink: 0:fcf0:0:1:2::/64: rn 0x55f9534966e0, re 0x55f953495f40
2020/04/29 23:51:21 ZEBRA: 0:fcf0:0:2:7::/64: Updating route rn 0x55f953496b90, re 0x55f953498890 (isis) old 0x55f953496a90 (isis)
2020/04/29 23:51:21 ZEBRA: 0:fcf0:0:2:7::/64: Redist del: re 0x55f953496a90 (isis), new re 0x55f953498890 (isis)
2020/04/29 23:51:21 ZEBRA: rib_process: 0:fcf0:0:2:7::/64: rn 0x55f953496b90, removing re 0x55f953496a90
2020/04/29 23:51:21 ZEBRA: rib_unlink: 0:fcf0:0:2:7::/64: rn 0x55f953496b90, re 0x55f953496a90
2020/04/29 23:51:21 ZEBRA: 0:fcf0:0:7:8::/64: Adding route rn 0x55f953496e50, re 0x55f9534988f0 (isis)
2020/04/29 23:51:21 ZEBRA: 0:fcff:1::/32: Updating route rn 0x55f953497130, re 0x55f9534989b0 (isis) old 0x55f953497030 (isis)
2020/04/29 23:51:21 ZEBRA: 0:fcff:1::/32: Redist del: re 0x55f953497030 (isis), new re 0x55f9534989b0 (isis)
2020/04/29 23:51:21 ZEBRA: rib_process: 0:fcff:1::/32: rn 0x55f953497130, removing re 0x55f953497030
2020/04/29 23:51:21 ZEBRA: rib_unlink: 0:fcff:1::/32: rn 0x55f953497130, re 0x55f953497030
2020/04/29 23:51:21 ZEBRA: 0:fcff:2::/32: Updating route rn 0x55f953497310, re 0x55f953498b10 (isis) old 0x55f953497210 (isis)
2020/04/29 23:51:21 ZEBRA: 0:fcff:2::/32: Redist del: re 0x55f953497210 (isis), new re 0x55f953498b10 (isis)
2020/04/29 23:51:21 ZEBRA: rib_process: 0:fcff:2::/32: rn 0x55f953497310, removing re 0x55f953497210
2020/04/29 23:51:21 ZEBRA: rib_unlink: 0:fcff:2::/32: rn 0x55f953497310, re 0x55f953497210
2020/04/29 23:51:21 ZEBRA: 0:fcff:7::/32: Adding route rn 0x55f953498a90, re 0x55f953498b70 (isis)
2020/04/29 23:51:21 ZEBRA: 0:fcf0:0:1:2::/64 update_from_ctx(): no fib nhg
2020/04/29 23:51:21 ZEBRA: 0:fcf0:0:1:2::/64 update_from_ctx(): rib nhg matched, changed 'false'
2020/04/29 23:51:21 ZEBRA: 0:fcf0:0:1:2::/64: Redist update re 0x55f953496760 (isis), old 0x55f953496760 (isis)
2020/04/29 23:51:21 ZEBRA: 0:fcf0:0:2:7::/64 update_from_ctx(): no fib nhg
2020/04/29 23:51:21 ZEBRA: 0:fcf0:0:2:7::/64 update_from_ctx(): rib nhg matched, changed 'false'
2020/04/29 23:51:21 ZEBRA: 0:fcf0:0:2:7::/64: Redist update re 0x55f953498890 (isis), old 0x55f953498890 (isis)
2020/04/29 23:51:21 ZEBRA: 0:fcf0:0:7:8::/64 update_from_ctx(): no fib nhg
2020/04/29 23:51:21 ZEBRA: 0:fcf0:0:7:8::/64 update_from_ctx(): rib nhg matched, changed 'false'
2020/04/29 23:51:21 ZEBRA: 0:fcf0:0:7:8::/64: Redist update re 0x55f9534988f0 (isis), old 0x0 (None)
2020/04/29 23:51:21 ZEBRA: 0:fcff:1::/32 update_from_ctx(): no fib nhg
2020/04/29 23:51:21 ZEBRA: 0:fcff:1::/32 update_from_ctx(): rib nhg matched, changed 'false'
2020/04/29 23:51:21 ZEBRA: 0:fcff:1::/32: Redist update re 0x55f9534989b0 (isis), old 0x55f9534989b0 (isis)
2020/04/29 23:51:21 ZEBRA: 0:fcff:2::/32 update_from_ctx(): no fib nhg
2020/04/29 23:51:21 ZEBRA: 0:fcff:2::/32 update_from_ctx(): rib nhg matched, changed 'false'
2020/04/29 23:51:21 ZEBRA: 0:fcff:2::/32: Redist update re 0x55f953498b10 (isis), old 0x55f953498b10 (isis)
2020/04/29 23:51:21 ZEBRA: 0:fcff:7::/32 update_from_ctx(): no fib nhg
2020/04/29 23:51:21 ZEBRA: 0:fcff:7::/32 update_from_ctx(): rib nhg matched, changed 'false'
2020/04/29 23:51:21 ZEBRA: 0:fcff:7::/32: Redist update re 0x55f953498b70 (isis), old 0x0 (None)
2020/04/29 23:51:21 ZEBRA: rib_add_multipath: 0:fcff:8::/32: Inserting route rn 0x55f953496a90, re 0x55f953495f40 (isis) existing (nil)
2020/04/29 23:51:21 ZEBRA: 0:fcff:8::/32: Adding route rn 0x55f953496a90, re 0x55f953495f40 (isis)
2020/04/29 23:51:21 ZEBRA: 0:fcff:8::/32 update_from_ctx(): no fib nhg
2020/04/29 23:51:21 ZEBRA: 0:fcff:8::/32 update_from_ctx(): rib nhg matched, changed 'false'
2020/04/29 23:51:21 ZEBRA: 0:fcff:8::/32: Redist update re 0x55f953495f40 (isis), old 0x0 (None)
2020/05/02 17:38:18 ZEBRA: Terminating on signal
2020/05/02 17:38:18 ZEBRA: Closing client 'isis'
2020/05/02 17:38:18 ZEBRA: release_daemon_table_chunks: Released 0 table chunks
2020/05/02 17:38:18 ZEBRA: rib_delnode: 0:fcf0:0:1:2::/64: rn 0x55f9534966e0, re 0x55f953496760, removing
2020/05/02 17:38:18 ZEBRA: rib_delnode: 0:fcf0:0:2:3::/64: rn 0x55f9534969b0, re 0x55f9534967c0, removing
2020/05/02 17:38:18 ZEBRA: rib_delnode: 0:fcf0:0:2:7::/64: rn 0x55f953496b90, re 0x55f953498890, removing
2020/05/02 17:38:18 ZEBRA: rib_delnode: 0:fcf0:0:3:4::/64: rn 0x55f953496d70, re 0x55f953496c70, removing
2020/05/02 17:38:18 ZEBRA: rib_delnode: 0:fcf0:0:4:6::/64: rn 0x55f953496f50, re 0x55f9534962e0, removing
2020/05/02 17:38:18 ZEBRA: rib_delnode: 0:fcf0:0:6:7::/64: rn 0x55f9534965e0, re 0x55f953497f60, removing
2020/05/02 17:38:18 ZEBRA: rib_delnode: 0:fcf0:0:6:8::/64: rn 0x55f953498100, re 0x55f953498020, removing
2020/05/02 17:38:18 ZEBRA: rib_delnode: 0:fcf0:0:7:8::/64: rn 0x55f953496e50, re 0x55f9534988f0, removing
2020/05/02 17:38:18 ZEBRA: rib_delnode: 0:fcff:1::/32: rn 0x55f953497130, re 0x55f9534989b0, removing
2020/05/02 17:38:18 ZEBRA: rib_delnode: 0:fcff:2::/32: rn 0x55f953497310, re 0x55f953498b10, removing
2020/05/02 17:38:18 ZEBRA: rib_delnode: 0:fcff:3::/32: rn 0x55f9534974f0, re 0x55f9534973f0, removing
2020/05/02 17:38:18 ZEBRA: rib_delnode: 0:fcff:4::/32: rn 0x55f9534976d0, re 0x55f9534975d0, removing
2020/05/02 17:38:18 ZEBRA: rib_delnode: 0:fcff:6::/32: rn 0x55f9534982c0, re 0x55f9534981e0, removing
2020/05/02 17:38:18 ZEBRA: rib_delnode: 0:fcff:7::/32: rn 0x55f953498a90, re 0x55f953498b70, removing
2020/05/02 17:38:18 ZEBRA: rib_delnode: 0:fcff:8::/32: rn 0x55f953496a90, re 0x55f953495f40, removing
2020/05/02 17:38:18 ZEBRA: client 13 disconnected. 15 isis routes removed from the rib
2020/05/02 17:38:18 ZEBRA: VRF default id 0 is now inactive
2020/05/02 17:38:18 ZEBRA: MESSAGE: ZEBRA_VRF_DELETE default
2020/05/02 17:38:18 ZEBRA: rib_unlink: 0:fcf0:0:1:2::/64: rn 0x55f9534966e0, re 0x55f953496760
2020/05/02 17:38:18 ZEBRA: rib_unlink: 0:fcf0:0:2:3::/64: rn 0x55f9534969b0, re 0x55f9534967c0
2020/05/02 17:38:18 ZEBRA: rib_unlink: 0:fcf0:0:2:7::/64: rn 0x55f953496b90, re 0x55f953498890
2020/05/02 17:38:18 ZEBRA: rib_unlink: 0:fcf0:0:3:4::/64: rn 0x55f953496d70, re 0x55f953496c70
2020/05/02 17:38:18 ZEBRA: rib_unlink: 0:fcf0:0:4:5::/64: rn 0x55f953495390, re 0x55f953495100
2020/05/02 17:38:18 ZEBRA: rib_unlink: 0:fcf0:0:4:6::/64: rn 0x55f953496f50, re 0x55f9534962e0
2020/05/02 17:38:18 ZEBRA: rib_unlink: 0:fcf0:0:5:6::/64: rn 0x55f953495fa0, re 0x55f9534956b0
2020/05/02 17:38:18 ZEBRA: rib_unlink: 0:fcf0:0:6:7::/64: rn 0x55f9534965e0, re 0x55f953497f60
2020/05/02 17:38:18 ZEBRA: rib_unlink: 0:fcf0:0:6:8::/64: rn 0x55f953498100, re 0x55f953498020
2020/05/02 17:38:18 ZEBRA: rib_unlink: 0:fcf0:0:7:8::/64: rn 0x55f953496e50, re 0x55f9534988f0
2020/05/02 17:38:18 ZEBRA: rib_unlink: 0:fcff:1::/32: rn 0x55f953497130, re 0x55f9534989b0
2020/05/02 17:38:18 ZEBRA: rib_unlink: 0:fcff:2::/32: rn 0x55f953497310, re 0x55f953498b10
2020/05/02 17:38:18 ZEBRA: rib_unlink: 0:fcff:3::/32: rn 0x55f9534974f0, re 0x55f9534973f0
2020/05/02 17:38:18 ZEBRA: rib_unlink: 0:fcff:4::/32: rn 0x55f9534976d0, re 0x55f9534975d0
2020/05/02 17:38:18 ZEBRA: rib_unlink: 0:fcff:5::/32: rn 0x55f9532822c0, re 0x55f953281bb0
2020/05/02 17:38:18 ZEBRA: rib_unlink: 0:fcff:6::/32: rn 0x55f9534982c0, re 0x55f9534981e0
2020/05/02 17:38:18 ZEBRA: rib_unlink: 0:fcff:7::/32: rn 0x55f953498a90, re 0x55f953498b70
2020/05/02 17:38:18 ZEBRA: rib_unlink: 0:fcff:8::/32: rn 0x55f953496a90, re 0x55f953495f40
2020/05/02 17:38:18 ZEBRA: rib_unlink: 0:fd00:0:51::/64: rn 0x55f953496340, re 0x55f953495e60
2020/05/02 17:38:18 ZEBRA: rib_unlink: 0:fd00:0:52::/64: rn 0x55f953495bc0, re 0x55f9533fd6c0
2020/05/02 17:38:18 ZEBRA: rib_unlink: 0:fd00:0:53::/64: rn 0x55f953495790, re 0x55f953495200
2020/05/02 17:38:18 ZEBRA: rib_unlink: 0:fe80::/64: rn 0x55f953281d20, re 0x55f953282b90
2020/05/02 17:38:18 ZEBRA: rib_unlink: 0:fe80::/64: rn 0x55f953281d20, re 0x55f9532828a0
2020/05/02 17:38:18 ZEBRA: rib_unlink: 0:fe80::/64: rn 0x55f953281d20, re 0x55f953282530
2020/05/02 17:38:18 ZEBRA: rib_unlink: 0:fe80::/64: rn 0x55f953281d20, re 0x55f953282180
2020/05/02 17:38:18 ZEBRA: rib_unlink: 0:fe80::/64: rn 0x55f953281d20, re 0x55f953281ad0
2020/05/02 17:38:18 ZEBRA: rib_unlink: 0:fcf0:0:4:5::/64 (MRIB): rn 0x55f9534955b0, re 0x55f9534954b0
2020/05/02 17:38:18 ZEBRA: rib_unlink: 0:fcf0:0:5:6::/64 (MRIB): rn 0x55f953496180, re 0x55f953496080
2020/05/02 17:38:18 ZEBRA: rib_unlink: 0:fcff:5::/32 (MRIB): rn 0x55f9532829a0, re 0x55f953282920
2020/05/02 17:38:18 ZEBRA: rib_unlink: 0:fd00:0:51::/64 (MRIB): rn 0x55f953496500, re 0x55f953496420
2020/05/02 17:38:18 ZEBRA: rib_unlink: 0:fd00:0:52::/64 (MRIB): rn 0x55f953495d80, re 0x55f953495ca0
2020/05/02 17:38:18 ZEBRA: rib_unlink: 0:fd00:0:53::/64 (MRIB): rn 0x55f953495a20, re 0x55f953495920
2020/05/02 17:38:18 ZEBRA: rib_unlink: 0:fe80::/64 (MRIB): rn 0x55f953281ff0, re 0x55f953282da0
2020/05/02 17:38:18 ZEBRA: rib_unlink: 0:fe80::/64 (MRIB): rn 0x55f953281ff0, re 0x55f953282ab0
2020/05/02 17:38:18 ZEBRA: rib_unlink: 0:fe80::/64 (MRIB): rn 0x55f953281ff0, re 0x55f9532827c0
2020/05/02 17:38:18 ZEBRA: rib_unlink: 0:fe80::/64 (MRIB): rn 0x55f953281ff0, re 0x55f9532823d0
2020/05/02 17:38:18 ZEBRA: rib_unlink: 0:fe80::/64 (MRIB): rn 0x55f953281ff0, re 0x55f953281f10
2020/05/02 17:38:18 ZEBRA: VRF default id 0 deleted
2020/05/02 17:38:18 ZEBRA: Zebra final shutdown
