2020/04/29 23:50:42 ZEBRA: MESSAGE: ZEBRA_INTERFACE_ADDRESS_ADD fcff:1::1/32 on lo(0)
2020/04/29 23:50:42 ZEBRA: rib_add_multipath: 0:fcff:1::/32: Inserting route rn 0x56067549d630, re 0x5606754a2980 (connected) existing (nil)
2020/04/29 23:50:42 ZEBRA: rib_add_multipath: 0:fcff:1::/32 (MRIB): Inserting route rn 0x56067549f280, re 0x56067549f1a0 (connected) existing (nil)
2020/04/29 23:50:42 ZEBRA: 0:fcff:1::/32: Adding route rn 0x56067549d630, re 0x5606754a2980 (connected)
2020/04/29 23:50:42 ZEBRA: 0:fcff:1::/32: Adding route rn 0x56067549f280, re 0x56067549f1a0 (connected)
2020/04/29 23:50:42 ZEBRA: 0:fcff:1::/32 update_from_ctx(): no fib nhg
2020/04/29 23:50:42 ZEBRA: 0:fcff:1::/32 update_from_ctx(): rib nhg matched, changed 'false'
2020/04/29 23:50:42 ZEBRA: 0:fcff:1::/32: Redist update re 0x5606754a2980 (connected), old 0x0 (None)
2020/04/29 23:50:42 ZEBRA: MESSAGE: ZEBRA_INTERFACE_ADDRESS_ADD fe80::147e:d2ff:fec5:937c/64 on r1-h13(0)
2020/04/29 23:50:42 ZEBRA: rib_add_multipath: 0:fe80::/64: Inserting route rn 0x56067549f650, re 0x56067549f6d0 (connected) existing (nil)
2020/04/29 23:50:42 ZEBRA: rib_add_multipath: 0:fe80::/64 (MRIB): Inserting route rn 0x56067549f8d0, re 0x56067549f7f0 (connected) existing (nil)
2020/04/29 23:50:42 ZEBRA: 0:fe80::/64: Adding route rn 0x56067549f650, re 0x56067549f6d0 (connected)
2020/04/29 23:50:42 ZEBRA: 0:fe80::/64: Adding route rn 0x56067549f8d0, re 0x56067549f7f0 (connected)
2020/04/29 23:50:42 ZEBRA: 0:fe80::/64 update_from_ctx(): no fib nhg
2020/04/29 23:50:42 ZEBRA: 0:fe80::/64 update_from_ctx(): rib nhg matched, changed 'false'
2020/04/29 23:50:42 ZEBRA: 0:fe80::/64: Redist update re 0x56067549f6d0 (connected), old 0x0 (None)
2020/04/29 23:50:42 ZEBRA: Redist update filter prefix fe80::/64
2020/04/29 23:50:43 ZEBRA: MESSAGE: ZEBRA_INTERFACE_UP r1-r2_br(0)
2020/04/29 23:50:43 ZEBRA: client 13 says hello and bids fair to announce only isis routes vrf=0
2020/04/29 23:50:43 ZEBRA: bfd_client_register msg from client isis: length=4
2020/04/29 23:50:43 ZEBRA: MESSAGE: ZEBRA_INTERFACE_ADDRESS_ADD fe80::60a9:e0ff:fe79:9bd/64 on r1-h11(0)
2020/04/29 23:50:43 ZEBRA: rib_add_multipath: 0:fe80::/64: Inserting route rn 0x56067549f650, re 0x5606755369f0 (connected) existing (nil)
2020/04/29 23:50:43 ZEBRA: rib_add_multipath: 0:fe80::/64 (MRIB): Inserting route rn 0x56067549f8d0, re 0x560675536ca0 (connected) existing (nil)
2020/04/29 23:50:43 ZEBRA: MESSAGE: ZEBRA_INTERFACE_ADD punt0(0)
2020/04/29 23:50:43 ZEBRA: MESSAGE: ZEBRA_INTERFACE_UP punt0(0)
2020/04/29 23:50:43 ZEBRA: MESSAGE: ZEBRA_INTERFACE_ADDRESS_ADD fe80::102d:75ff:fe5c:14fe/64 on punt0(0)
2020/04/29 23:50:43 ZEBRA: rib_add_multipath: 0:fe80::/64: Inserting route rn 0x56067549f650, re 0x560675537270 (connected) existing (nil)
2020/04/29 23:50:43 ZEBRA: rib_add_multipath: 0:fe80::/64 (MRIB): Inserting route rn 0x56067549f8d0, re 0x560675537500 (connected) existing (nil)
2020/04/29 23:50:43 ZEBRA: rib_add_multipath: 0:fcff:1::200/128: Inserting route rn 0x5606755372f0, re 0x560675537580 (kernel) existing (nil)
2020/04/29 23:50:43 ZEBRA: rib_add_multipath: 0:fd00:0:81::2/128: Inserting route rn 0x560675537910, re 0x560675537680 (kernel) existing (nil)
2020/04/29 23:50:43 ZEBRA: 0:fe80::/64: Adding route rn 0x56067549f8d0, re 0x56067549f7f0 (connected)
2020/04/29 23:50:43 ZEBRA: 0:fcff:1::200/128: Adding route rn 0x5606755372f0, re 0x560675537580 (kernel)
2020/04/29 23:50:43 ZEBRA: 0:fd00:0:81::2/128: Adding route rn 0x560675537910, re 0x560675537680 (kernel)
2020/04/29 23:50:43 ZEBRA: 0:fe80::/64 update_from_ctx(): no fib nhg
2020/04/29 23:50:43 ZEBRA: 0:fe80::/64 update_from_ctx(): changed false, adding new fib nhg
2020/04/29 23:50:43 ZEBRA: 0:fe80::/64: Redist update re 0x560675537270 (connected), old 0x0 (None)
2020/04/29 23:50:43 ZEBRA: Redist update filter prefix fe80::/64
2020/04/29 23:50:43 ZEBRA: 0:fcff:1::200/128 update_from_ctx(): no fib nhg
2020/04/29 23:50:43 ZEBRA: 0:fcff:1::200/128 update_from_ctx(): rib nhg matched, changed 'false'
2020/04/29 23:50:43 ZEBRA: 0:fcff:1::200/128: Redist update re 0x560675537580 (kernel), old 0x0 (None)
2020/04/29 23:50:43 ZEBRA: 0:fd00:0:81::2/128 update_from_ctx(): no fib nhg
2020/04/29 23:50:43 ZEBRA: 0:fd00:0:81::2/128 update_from_ctx(): rib nhg matched, changed 'true'
2020/04/29 23:50:43 ZEBRA: 0:fd00:0:81::2/128: Redist update re 0x560675537680 (kernel), old 0x0 (None)
2020/04/29 23:50:43 ZEBRA: MESSAGE: ZEBRA_INTERFACE_ADDRESS_ADD fe80::d8d3:3bff:fe81:9e0e/64 on r1-r2_egr(0)
2020/04/29 23:50:43 ZEBRA: rib_add_multipath: 0:fe80::/64: Inserting route rn 0x56067549f650, re 0x560675537780 (connected) existing (nil)
2020/04/29 23:50:43 ZEBRA: rib_add_multipath: 0:fe80::/64 (MRIB): Inserting route rn 0x56067549f8d0, re 0x560675537db0 (connected) existing (nil)
2020/04/29 23:50:43 ZEBRA: 0:fe80::/64: Adding route rn 0x56067549f8d0, re 0x56067549f7f0 (connected)
2020/04/29 23:50:43 ZEBRA: 0:fe80::/64 update_from_ctx(): no fib nhg
2020/04/29 23:50:43 ZEBRA: 0:fe80::/64 update_from_ctx(): changed false, adding new fib nhg
2020/04/29 23:50:43 ZEBRA: 0:fe80::/64: Redist update re 0x560675537780 (connected), old 0x0 (None)
2020/04/29 23:50:43 ZEBRA: Redist update filter prefix fe80::/64
2020/04/29 23:50:43 ZEBRA: rib_add_multipath: 0:fcff:1::100/128: Inserting route rn 0x560675538070, re 0x560675537370 (kernel) existing (nil)
2020/04/29 23:50:43 ZEBRA: 0:fcff:1::100/128: Adding route rn 0x560675538070, re 0x560675537370 (kernel)
2020/04/29 23:50:43 ZEBRA: 0:fcff:1::100/128 update_from_ctx(): no fib nhg
2020/04/29 23:50:43 ZEBRA: 0:fcff:1::100/128 update_from_ctx(): rib nhg matched, changed 'false'
2020/04/29 23:50:43 ZEBRA: 0:fcff:1::100/128: Redist update re 0x560675537370 (kernel), old 0x0 (None)
2020/04/29 23:50:43 ZEBRA: MESSAGE: ZEBRA_INTERFACE_ADDRESS_ADD fe80::84:53ff:fe64:bbc7/64 on r1-r2_igr(0)
2020/04/29 23:50:43 ZEBRA: rib_add_multipath: 0:fe80::/64: Inserting route rn 0x56067549f650, re 0x5606755373d0 (connected) existing (nil)
2020/04/29 23:50:43 ZEBRA: rib_add_multipath: 0:fe80::/64 (MRIB): Inserting route rn 0x56067549f8d0, re 0x560675538290 (connected) existing (nil)
2020/04/29 23:50:43 ZEBRA: 0:fe80::/64: Adding route rn 0x56067549f8d0, re 0x56067549f7f0 (connected)
2020/04/29 23:50:43 ZEBRA: 0:fe80::/64 update_from_ctx(): no fib nhg
2020/04/29 23:50:43 ZEBRA: 0:fe80::/64 update_from_ctx(): changed false, adding new fib nhg
2020/04/29 23:50:43 ZEBRA: 0:fe80::/64: Redist update re 0x5606755373d0 (connected), old 0x0 (None)
2020/04/29 23:50:43 ZEBRA: Redist update filter prefix fe80::/64
2020/04/29 23:50:43 ZEBRA: MESSAGE: ZEBRA_INTERFACE_ADDRESS_ADD fe80::f48d:b7ff:fe91:af00/64 on r1-h12(0)
2020/04/29 23:50:43 ZEBRA: rib_add_multipath: 0:fe80::/64: Inserting route rn 0x56067549f650, re 0x560675537430 (connected) existing (nil)
2020/04/29 23:50:43 ZEBRA: rib_add_multipath: 0:fe80::/64 (MRIB): Inserting route rn 0x56067549f8d0, re 0x560675538230 (connected) existing (nil)
2020/04/29 23:50:43 ZEBRA: MESSAGE: ZEBRA_INTERFACE_ADDRESS_ADD fe80::6c71:f3ff:fe3d:c04/64 on r1-r2_br(0)
2020/04/29 23:50:43 ZEBRA: rib_add_multipath: 0:fe80::/64: Inserting route rn 0x56067549f650, re 0x560675538150 (connected) existing (nil)
2020/04/29 23:50:43 ZEBRA: rib_add_multipath: 0:fe80::/64 (MRIB): Inserting route rn 0x56067549f8d0, re 0x560675538b00 (connected) existing (nil)
2020/04/29 23:50:43 ZEBRA: 0:fe80::/64: Adding route rn 0x56067549f8d0, re 0x56067549f7f0 (connected)
2020/04/29 23:50:43 ZEBRA: 0:fe80::/64 update_from_ctx(): no fib nhg
2020/04/29 23:50:43 ZEBRA: 0:fe80::/64 update_from_ctx(): changed false, adding new fib nhg
2020/04/29 23:50:43 ZEBRA: 0:fe80::/64: Redist update re 0x560675538150 (connected), old 0x0 (None)
2020/04/29 23:50:43 ZEBRA: Redist update filter prefix fe80::/64
2020/04/29 23:50:43 ZEBRA: MESSAGE: ZEBRA_INTERFACE_ADDRESS_ADD fe80::6c71:f3ff:fe3d:c04/64 on r1-r2(0)
2020/04/29 23:50:43 ZEBRA: rib_add_multipath: 0:fe80::/64: Inserting route rn 0x56067549f650, re 0x5606755381d0 (connected) existing (nil)
2020/04/29 23:50:43 ZEBRA: rib_add_multipath: 0:fe80::/64 (MRIB): Inserting route rn 0x56067549f8d0, re 0x5606755387e0 (connected) existing (nil)
2020/04/29 23:50:43 ZEBRA: 0:fe80::/64: Adding route rn 0x56067549f8d0, re 0x56067549f7f0 (connected)
2020/04/29 23:50:43 ZEBRA: 0:fe80::/64 update_from_ctx(): no fib nhg
2020/04/29 23:50:43 ZEBRA: 0:fe80::/64 update_from_ctx(): changed true, adding new fib nhg
2020/04/29 23:50:43 ZEBRA: 0:fe80::/64: Redist update re 0x5606755381d0 (connected), old 0x0 (None)
2020/04/29 23:50:43 ZEBRA: Redist update filter prefix fe80::/64
2020/04/29 23:50:43 ZEBRA: MESSAGE: ZEBRA_INTERFACE_ADDRESS_ADD fd00:0:11::1/64 on r1-h11(0)
2020/04/29 23:50:43 ZEBRA: rib_add_multipath: 0:fd00:0:11::/64: Inserting route rn 0x560675538e60, re 0x560675538840 (connected) existing (nil)
2020/04/29 23:50:43 ZEBRA: rib_add_multipath: 0:fd00:0:11::/64 (MRIB): Inserting route rn 0x560675539040, re 0x560675538f40 (connected) existing (nil)
2020/04/29 23:50:43 ZEBRA: MESSAGE: ZEBRA_INTERFACE_ADDRESS_ADD fd00:0:13::1/64 on r1-h13(0)
2020/04/29 23:50:43 ZEBRA: rib_add_multipath: 0:fd00:0:13::/64: Inserting route rn 0x5606755393f0, re 0x560675539160 (connected) existing (nil)
2020/04/29 23:50:43 ZEBRA: rib_add_multipath: 0:fd00:0:13::/64 (MRIB): Inserting route rn 0x5606755395d0, re 0x5606755394d0 (connected) existing (nil)
2020/04/29 23:50:43 ZEBRA: 0:fd00:0:11::/64: Adding route rn 0x560675538e60, re 0x560675538840 (connected)
2020/04/29 23:50:43 ZEBRA: 0:fd00:0:11::/64: Adding route rn 0x560675539040, re 0x560675538f40 (connected)
2020/04/29 23:50:43 ZEBRA: 0:fd00:0:13::/64: Adding route rn 0x5606755393f0, re 0x560675539160 (connected)
2020/04/29 23:50:43 ZEBRA: 0:fd00:0:13::/64: Adding route rn 0x5606755395d0, re 0x5606755394d0 (connected)
2020/04/29 23:50:43 ZEBRA: 0:fd00:0:11::/64 update_from_ctx(): no fib nhg
2020/04/29 23:50:43 ZEBRA: 0:fd00:0:11::/64 update_from_ctx(): rib nhg matched, changed 'false'
2020/04/29 23:50:43 ZEBRA: 0:fd00:0:11::/64: Redist update re 0x560675538840 (connected), old 0x0 (None)
2020/04/29 23:50:43 ZEBRA: 0:fd00:0:13::/64 update_from_ctx(): no fib nhg
2020/04/29 23:50:43 ZEBRA: 0:fd00:0:13::/64 update_from_ctx(): rib nhg matched, changed 'false'
2020/04/29 23:50:43 ZEBRA: 0:fd00:0:13::/64: Redist update re 0x560675539160 (connected), old 0x0 (None)
2020/04/29 23:50:44 ZEBRA: MESSAGE: ZEBRA_INTERFACE_ADDRESS_ADD fcf0:0:1:2::1/64 on r1-r2_igr(0)
2020/04/29 23:50:44 ZEBRA: rib_add_multipath: 0:fcf0:0:1:2::/64: Inserting route rn 0x560675539310, re 0x560675539740 (connected) existing (nil)
2020/04/29 23:50:44 ZEBRA: rib_add_multipath: 0:fcf0:0:1:2::/64 (MRIB): Inserting route rn 0x5606755399c0, re 0x5606755398e0 (connected) existing (nil)
2020/04/29 23:50:44 ZEBRA: 0:fcf0:0:1:2::/64: Adding route rn 0x560675539310, re 0x560675539740 (connected)
2020/04/29 23:50:44 ZEBRA: 0:fcf0:0:1:2::/64: Adding route rn 0x5606755399c0, re 0x5606755398e0 (connected)
2020/04/29 23:50:44 ZEBRA: 0:fcf0:0:1:2::/64 update_from_ctx(): no fib nhg
2020/04/29 23:50:44 ZEBRA: 0:fcf0:0:1:2::/64 update_from_ctx(): rib nhg matched, changed 'false'
2020/04/29 23:50:44 ZEBRA: 0:fcf0:0:1:2::/64: Redist update re 0x560675539740 (connected), old 0x0 (None)
2020/04/29 23:50:44 ZEBRA: MESSAGE: ZEBRA_INTERFACE_ADDRESS_ADD fd00:0:12::1/64 on r1-h12(0)
2020/04/29 23:50:44 ZEBRA: rib_add_multipath: 0:fd00:0:12::/64: Inserting route rn 0x560675537fe0, re 0x560675538600 (connected) existing (nil)
2020/04/29 23:50:44 ZEBRA: rib_add_multipath: 0:fd00:0:12::/64 (MRIB): Inserting route rn 0x560675539dd0, re 0x560675539cf0 (connected) existing (nil)
2020/04/29 23:50:44 ZEBRA: 0:fd00:0:12::/64: Adding route rn 0x560675537fe0, re 0x560675538600 (connected)
2020/04/29 23:50:44 ZEBRA: 0:fd00:0:12::/64: Adding route rn 0x560675539dd0, re 0x560675539cf0 (connected)
2020/04/29 23:50:44 ZEBRA: 0:fd00:0:12::/64 update_from_ctx(): no fib nhg
2020/04/29 23:50:44 ZEBRA: 0:fd00:0:12::/64 update_from_ctx(): rib nhg matched, changed 'false'
2020/04/29 23:50:44 ZEBRA: 0:fd00:0:12::/64: Redist update re 0x560675538600 (connected), old 0x0 (None)
2020/04/29 23:51:14 ZEBRA: rib_add_multipath: 0:fcf0:0:2:3::/64: Inserting route rn 0x56067553b400, re 0x560675539aa0 (isis) existing (nil)
2020/04/29 23:51:14 ZEBRA: rib_add_multipath: 0:fcf0:0:2:7::/64: Inserting route rn 0x56067553aba0, re 0x56067553ab40 (isis) existing (nil)
2020/04/29 23:51:14 ZEBRA: rib_add_multipath: 0:fcff:2::/32: Inserting route rn 0x56067553ad60, re 0x56067553ac80 (isis) existing (nil)
2020/04/29 23:51:14 ZEBRA: 0:fcf0:0:2:3::/64: Adding route rn 0x56067553b400, re 0x560675539aa0 (isis)
2020/04/29 23:51:14 ZEBRA: 0:fcf0:0:2:7::/64: Adding route rn 0x56067553aba0, re 0x56067553ab40 (isis)
2020/04/29 23:51:14 ZEBRA: 0:fcff:2::/32: Adding route rn 0x56067553ad60, re 0x56067553ac80 (isis)
2020/04/29 23:51:14 ZEBRA: 0:fcf0:0:2:3::/64 update_from_ctx(): no fib nhg
2020/04/29 23:51:14 ZEBRA: 0:fcf0:0:2:3::/64 update_from_ctx(): rib nhg matched, changed 'true'
2020/04/29 23:51:14 ZEBRA: 0:fcf0:0:2:3::/64: Redist update re 0x560675539aa0 (isis), old 0x0 (None)
2020/04/29 23:51:14 ZEBRA: 0:fcf0:0:2:7::/64 update_from_ctx(): no fib nhg
2020/04/29 23:51:14 ZEBRA: 0:fcf0:0:2:7::/64 update_from_ctx(): rib nhg matched, changed 'false'
2020/04/29 23:51:14 ZEBRA: 0:fcf0:0:2:7::/64: Redist update re 0x56067553ab40 (isis), old 0x0 (None)
2020/04/29 23:51:14 ZEBRA: 0:fcff:2::/32 update_from_ctx(): no fib nhg
2020/04/29 23:51:14 ZEBRA: 0:fcff:2::/32 update_from_ctx(): rib nhg matched, changed 'false'
2020/04/29 23:51:14 ZEBRA: 0:fcff:2::/32: Redist update re 0x56067553ac80 (isis), old 0x0 (None)
2020/04/29 23:51:15 ZEBRA: rib_add_multipath: 0:fcf0:0:3:4::/64: Inserting route rn 0x56067553b030, re 0x56067553aa80 (isis) existing (nil)
2020/04/29 23:51:15 ZEBRA: rib_add_multipath: 0:fcff:3::/32: Inserting route rn 0x56067553b250, re 0x56067553b1f0 (isis) existing (nil)
2020/04/29 23:51:15 ZEBRA: 0:fcf0:0:3:4::/64: Adding route rn 0x56067553b030, re 0x56067553aa80 (isis)
2020/04/29 23:51:15 ZEBRA: 0:fcff:3::/32: Adding route rn 0x56067553b250, re 0x56067553b1f0 (isis)
2020/04/29 23:51:15 ZEBRA: 0:fcf0:0:3:4::/64 update_from_ctx(): no fib nhg
2020/04/29 23:51:15 ZEBRA: 0:fcf0:0:3:4::/64 update_from_ctx(): rib nhg matched, changed 'false'
2020/04/29 23:51:15 ZEBRA: 0:fcf0:0:3:4::/64: Redist update re 0x56067553aa80 (isis), old 0x0 (None)
2020/04/29 23:51:15 ZEBRA: 0:fcff:3::/32 update_from_ctx(): no fib nhg
2020/04/29 23:51:15 ZEBRA: 0:fcff:3::/32 update_from_ctx(): rib nhg matched, changed 'false'
2020/04/29 23:51:15 ZEBRA: 0:fcff:3::/32: Redist update re 0x56067553b1f0 (isis), old 0x0 (None)
2020/04/29 23:51:17 ZEBRA: rib_add_multipath: 0:fcf0:0:4:5::/64: Inserting route rn 0x560675539f10, re 0x56067553b130 (isis) existing (nil)
2020/04/29 23:51:17 ZEBRA: rib_add_multipath: 0:fcf0:0:4:6::/64: Inserting route rn 0x56067553a0d0, re 0x560675539ff0 (isis) existing (nil)
2020/04/29 23:51:17 ZEBRA: rib_add_multipath: 0:fcff:4::/32: Inserting route rn 0x560675539b80, re 0x56067553a1b0 (isis) existing (nil)
2020/04/29 23:51:17 ZEBRA: 0:fcf0:0:4:5::/64: Adding route rn 0x560675539f10, re 0x56067553b130 (isis)
2020/04/29 23:51:17 ZEBRA: 0:fcf0:0:4:6::/64: Adding route rn 0x56067553a0d0, re 0x560675539ff0 (isis)
2020/04/29 23:51:17 ZEBRA: 0:fcff:4::/32: Adding route rn 0x560675539b80, re 0x56067553a1b0 (isis)
2020/04/29 23:51:17 ZEBRA: 0:fcf0:0:4:5::/64 update_from_ctx(): no fib nhg
2020/04/29 23:51:17 ZEBRA: 0:fcf0:0:4:5::/64 update_from_ctx(): rib nhg matched, changed 'false'
2020/04/29 23:51:17 ZEBRA: 0:fcf0:0:4:5::/64: Redist update re 0x56067553b130 (isis), old 0x0 (None)
2020/04/29 23:51:17 ZEBRA: 0:fcf0:0:4:6::/64 update_from_ctx(): no fib nhg
2020/04/29 23:51:17 ZEBRA: 0:fcf0:0:4:6::/64 update_from_ctx(): rib nhg matched, changed 'false'
2020/04/29 23:51:17 ZEBRA: 0:fcf0:0:4:6::/64: Redist update re 0x560675539ff0 (isis), old 0x0 (None)
2020/04/29 23:51:17 ZEBRA: 0:fcff:4::/32 update_from_ctx(): no fib nhg
2020/04/29 23:51:17 ZEBRA: 0:fcff:4::/32 update_from_ctx(): rib nhg matched, changed 'false'
2020/04/29 23:51:17 ZEBRA: 0:fcff:4::/32: Redist update re 0x56067553a1b0 (isis), old 0x0 (None)
2020/04/29 23:51:18 ZEBRA: rib_add_multipath: 0:fcf0:0:5:6::/64: Inserting route rn 0x56067553a4a0, re 0x560675539eb0 (isis) existing (nil)
2020/04/29 23:51:18 ZEBRA: rib_add_multipath: 0:fcff:5::/32: Inserting route rn 0x56067553a740, re 0x56067553a660 (isis) existing (nil)
2020/04/29 23:51:18 ZEBRA: 0:fcf0:0:5:6::/64: Adding route rn 0x56067553a4a0, re 0x560675539eb0 (isis)
2020/04/29 23:51:18 ZEBRA: 0:fcff:5::/32: Adding route rn 0x56067553a740, re 0x56067553a660 (isis)
2020/04/29 23:51:18 ZEBRA: 0:fcf0:0:5:6::/64 update_from_ctx(): no fib nhg
2020/04/29 23:51:18 ZEBRA: 0:fcf0:0:5:6::/64 update_from_ctx(): rib nhg matched, changed 'false'
2020/04/29 23:51:18 ZEBRA: 0:fcf0:0:5:6::/64: Redist update re 0x560675539eb0 (isis), old 0x0 (None)
2020/04/29 23:51:18 ZEBRA: 0:fcff:5::/32 update_from_ctx(): no fib nhg
2020/04/29 23:51:18 ZEBRA: 0:fcff:5::/32 update_from_ctx(): rib nhg matched, changed 'false'
2020/04/29 23:51:18 ZEBRA: 0:fcff:5::/32: Redist update re 0x56067553a660 (isis), old 0x0 (None)
2020/04/29 23:51:19 ZEBRA: rib_add_multipath: 0:fcf0:0:6:7::/64: Inserting route rn 0x56067553b4e0, re 0x56067553a5a0 (isis) existing (nil)
2020/04/29 23:51:19 ZEBRA: rib_add_multipath: 0:fcf0:0:6:8::/64: Inserting route rn 0x56067553b6a0, re 0x56067553b5c0 (isis) existing (nil)
2020/04/29 23:51:19 ZEBRA: rib_add_multipath: 0:fcff:6::/32: Inserting route rn 0x56067553b860, re 0x56067553b780 (isis) existing (nil)
2020/04/29 23:51:19 ZEBRA: 0:fcf0:0:6:7::/64: Adding route rn 0x56067553b4e0, re 0x56067553a5a0 (isis)
2020/04/29 23:51:19 ZEBRA: 0:fcf0:0:6:8::/64: Adding route rn 0x56067553b6a0, re 0x56067553b5c0 (isis)
2020/04/29 23:51:19 ZEBRA: 0:fcff:6::/32: Adding route rn 0x56067553b860, re 0x56067553b780 (isis)
2020/04/29 23:51:19 ZEBRA: 0:fcf0:0:6:7::/64 update_from_ctx(): no fib nhg
2020/04/29 23:51:19 ZEBRA: 0:fcf0:0:6:7::/64 update_from_ctx(): rib nhg matched, changed 'false'
2020/04/29 23:51:19 ZEBRA: 0:fcf0:0:6:7::/64: Redist update re 0x56067553a5a0 (isis), old 0x0 (None)
2020/04/29 23:51:19 ZEBRA: 0:fcf0:0:6:8::/64 update_from_ctx(): no fib nhg
2020/04/29 23:51:19 ZEBRA: 0:fcf0:0:6:8::/64 update_from_ctx(): rib nhg matched, changed 'false'
2020/04/29 23:51:19 ZEBRA: 0:fcf0:0:6:8::/64: Redist update re 0x56067553b5c0 (isis), old 0x0 (None)
2020/04/29 23:51:19 ZEBRA: 0:fcff:6::/32 update_from_ctx(): no fib nhg
2020/04/29 23:51:19 ZEBRA: 0:fcff:6::/32 update_from_ctx(): rib nhg matched, changed 'false'
2020/04/29 23:51:19 ZEBRA: 0:fcff:6::/32: Redist update re 0x56067553b780 (isis), old 0x0 (None)
2020/04/29 23:51:20 ZEBRA: rib_add_multipath: 0:fcf0:0:5:6::/64: Inserting route rn 0x56067553a4a0, re 0x56067553b480 (isis) existing 0x560675539eb0
2020/04/29 23:51:20 ZEBRA: rib_delnode: 0:fcf0:0:5:6::/64: rn 0x56067553a4a0, re 0x560675539eb0, removing
2020/04/29 23:51:20 ZEBRA: rib_add_multipath: 0:fcf0:0:6:7::/64: Inserting route rn 0x56067553b4e0, re 0x56067553bb20 (isis) existing 0x56067553a5a0
2020/04/29 23:51:20 ZEBRA: rib_delnode: 0:fcf0:0:6:7::/64: rn 0x56067553b4e0, re 0x56067553a5a0, removing
2020/04/29 23:51:20 ZEBRA: rib_add_multipath: 0:fcf0:0:6:8::/64: Inserting route rn 0x56067553b6a0, re 0x56067553bb80 (isis) existing 0x56067553b5c0
2020/04/29 23:51:20 ZEBRA: rib_delnode: 0:fcf0:0:6:8::/64: rn 0x56067553b6a0, re 0x56067553b5c0, removing
2020/04/29 23:51:20 ZEBRA: rib_add_multipath: 0:fcf0:0:7:8::/64: Inserting route rn 0x56067553b940, re 0x56067553bbe0 (isis) existing (nil)
2020/04/29 23:51:20 ZEBRA: rib_add_multipath: 0:fcff:6::/32: Inserting route rn 0x56067553b860, re 0x56067553bca0 (isis) existing 0x56067553b780
2020/04/29 23:51:20 ZEBRA: rib_delnode: 0:fcff:6::/32: rn 0x56067553b860, re 0x56067553b780, removing
2020/04/29 23:51:20 ZEBRA: rib_add_multipath: 0:fcff:7::/32: Inserting route rn 0x56067553be20, re 0x56067553bda0 (isis) existing (nil)
2020/04/29 23:51:20 ZEBRA: 0:fcf0:0:5:6::/64: Updating route rn 0x56067553a4a0, re 0x56067553b480 (isis) old 0x560675539eb0 (isis)
2020/04/29 23:51:20 ZEBRA: 0:fcf0:0:5:6::/64: Redist del: re 0x560675539eb0 (isis), new re 0x56067553b480 (isis)
2020/04/29 23:51:20 ZEBRA: rib_process: 0:fcf0:0:5:6::/64: rn 0x56067553a4a0, removing re 0x560675539eb0
2020/04/29 23:51:20 ZEBRA: rib_unlink: 0:fcf0:0:5:6::/64: rn 0x56067553a4a0, re 0x560675539eb0
2020/04/29 23:51:20 ZEBRA: 0:fcf0:0:6:7::/64: Updating route rn 0x56067553b4e0, re 0x56067553bb20 (isis) old 0x56067553a5a0 (isis)
2020/04/29 23:51:20 ZEBRA: 0:fcf0:0:6:7::/64: Redist del: re 0x56067553a5a0 (isis), new re 0x56067553bb20 (isis)
2020/04/29 23:51:20 ZEBRA: rib_process: 0:fcf0:0:6:7::/64: rn 0x56067553b4e0, removing re 0x56067553a5a0
2020/04/29 23:51:20 ZEBRA: rib_unlink: 0:fcf0:0:6:7::/64: rn 0x56067553b4e0, re 0x56067553a5a0
2020/04/29 23:51:20 ZEBRA: 0:fcf0:0:6:8::/64: Updating route rn 0x56067553b6a0, re 0x56067553bb80 (isis) old 0x56067553b5c0 (isis)
2020/04/29 23:51:20 ZEBRA: 0:fcf0:0:6:8::/64: Redist del: re 0x56067553b5c0 (isis), new re 0x56067553bb80 (isis)
2020/04/29 23:51:20 ZEBRA: rib_process: 0:fcf0:0:6:8::/64: rn 0x56067553b6a0, removing re 0x56067553b5c0
2020/04/29 23:51:20 ZEBRA: rib_unlink: 0:fcf0:0:6:8::/64: rn 0x56067553b6a0, re 0x56067553b5c0
2020/04/29 23:51:20 ZEBRA: 0:fcf0:0:7:8::/64: Adding route rn 0x56067553b940, re 0x56067553bbe0 (isis)
2020/04/29 23:51:20 ZEBRA: 0:fcff:6::/32: Updating route rn 0x56067553b860, re 0x56067553bca0 (isis) old 0x56067553b780 (isis)
2020/04/29 23:51:20 ZEBRA: 0:fcff:6::/32: Redist del: re 0x56067553b780 (isis), new re 0x56067553bca0 (isis)
2020/04/29 23:51:20 ZEBRA: rib_process: 0:fcff:6::/32: rn 0x56067553b860, removing re 0x56067553b780
2020/04/29 23:51:20 ZEBRA: rib_unlink: 0:fcff:6::/32: rn 0x56067553b860, re 0x56067553b780
2020/04/29 23:51:20 ZEBRA: 0:fcff:7::/32: Adding route rn 0x56067553be20, re 0x56067553bda0 (isis)
2020/04/29 23:51:20 ZEBRA: 0:fcf0:0:5:6::/64 update_from_ctx(): no fib nhg
2020/04/29 23:51:20 ZEBRA: 0:fcf0:0:5:6::/64 update_from_ctx(): rib nhg matched, changed 'false'
2020/04/29 23:51:20 ZEBRA: 0:fcf0:0:5:6::/64: Redist update re 0x56067553b480 (isis), old 0x56067553b480 (isis)
2020/04/29 23:51:20 ZEBRA: 0:fcf0:0:6:7::/64 update_from_ctx(): no fib nhg
2020/04/29 23:51:20 ZEBRA: 0:fcf0:0:6:7::/64 update_from_ctx(): rib nhg matched, changed 'false'
2020/04/29 23:51:20 ZEBRA: 0:fcf0:0:6:7::/64: Redist update re 0x56067553bb20 (isis), old 0x56067553bb20 (isis)
2020/04/29 23:51:20 ZEBRA: 0:fcf0:0:6:8::/64 update_from_ctx(): no fib nhg
2020/04/29 23:51:20 ZEBRA: 0:fcf0:0:6:8::/64 update_from_ctx(): rib nhg matched, changed 'false'
2020/04/29 23:51:20 ZEBRA: 0:fcf0:0:6:8::/64: Redist update re 0x56067553bb80 (isis), old 0x56067553bb80 (isis)
2020/04/29 23:51:20 ZEBRA: 0:fcf0:0:7:8::/64 update_from_ctx(): no fib nhg
2020/04/29 23:51:20 ZEBRA: 0:fcf0:0:7:8::/64 update_from_ctx(): rib nhg matched, changed 'false'
2020/04/29 23:51:20 ZEBRA: 0:fcf0:0:7:8::/64: Redist update re 0x56067553bbe0 (isis), old 0x0 (None)
2020/04/29 23:51:20 ZEBRA: 0:fcff:6::/32 update_from_ctx(): no fib nhg
2020/04/29 23:51:20 ZEBRA: 0:fcff:6::/32 update_from_ctx(): rib nhg matched, changed 'false'
2020/04/29 23:51:20 ZEBRA: 0:fcff:6::/32: Redist update re 0x56067553bca0 (isis), old 0x56067553bca0 (isis)
2020/04/29 23:51:20 ZEBRA: 0:fcff:7::/32 update_from_ctx(): no fib nhg
2020/04/29 23:51:20 ZEBRA: 0:fcff:7::/32 update_from_ctx(): rib nhg matched, changed 'false'
2020/04/29 23:51:20 ZEBRA: 0:fcff:7::/32: Redist update re 0x56067553bda0 (isis), old 0x0 (None)
2020/04/29 23:51:21 ZEBRA: rib_add_multipath: 0:fcff:8::/32: Inserting route rn 0x56067553e680, re 0x560675539eb0 (isis) existing (nil)
2020/04/29 23:51:21 ZEBRA: 0:fcff:8::/32: Adding route rn 0x56067553e680, re 0x560675539eb0 (isis)
2020/04/29 23:51:21 ZEBRA: 0:fcff:8::/32 update_from_ctx(): no fib nhg
2020/04/29 23:51:21 ZEBRA: 0:fcff:8::/32 update_from_ctx(): rib nhg matched, changed 'false'
2020/04/29 23:51:21 ZEBRA: 0:fcff:8::/32: Redist update re 0x560675539eb0 (isis), old 0x0 (None)
2020/05/02 17:38:17 ZEBRA: MESSAGE: ZEBRA_INTERFACE_DOWN r1-h11(0)
2020/05/02 17:38:17 ZEBRA: MESSAGE: ZEBRA_INTERFACE_ADDRESS_DELETE fe80::60a9:e0ff:fe79:9bd/64 on r1-h11(0)
2020/05/02 17:38:17 ZEBRA: rib_delnode: 0:fe80::/64: rn 0x56067549f650, re 0x5606755369f0, removing
2020/05/02 17:38:17 ZEBRA: rib_delnode: 0:fe80::/64 (MRIB): rn 0x56067549f8d0, re 0x560675536ca0, removing
2020/05/02 17:38:17 ZEBRA: MESSAGE: ZEBRA_INTERFACE_ADDRESS_DELETE fd00:0:11::1/64 on r1-h11(0)
2020/05/02 17:38:17 ZEBRA: rib_delnode: 0:fd00:0:11::/64: rn 0x560675538e60, re 0x560675538840, removing
2020/05/02 17:38:17 ZEBRA: rib_delnode: 0:fd00:0:11::/64 (MRIB): rn 0x560675539040, re 0x560675538f40, removing
2020/05/02 17:38:17 ZEBRA: rib_update: Schedued VRF (ALL), event RIB_UPDATE_KERNEL
2020/05/02 17:38:17 ZEBRA: rib_delnode: 0:fcff:1::100/128: rn 0x560675538070, re 0x560675537370, removing
2020/05/02 17:38:17 ZEBRA: rib_update_handle_vrf_all: Handling VRF (ALL) event RIB_UPDATE_KERNEL
2020/05/02 17:38:17 ZEBRA: rib_update_table: IPv4 VRF default Table 254 event RIB_UPDATE_KERNEL
2020/05/02 17:38:17 ZEBRA: rib_update_table: IPv4 VRF default Table 254 event RIB_UPDATE_KERNEL
2020/05/02 17:38:17 ZEBRA: rib_update_table: IPv6 VRF default Table 254 event RIB_UPDATE_KERNEL
2020/05/02 17:38:17 ZEBRA: rib_update_table: IPv6 VRF default Table 254 event RIB_UPDATE_KERNEL
2020/05/02 17:38:17 ZEBRA: MESSAGE: ZEBRA_INTERFACE_ADDRESS_DELETE fd00:0:11::1/64 on r1-h11(0)
2020/05/02 17:38:17 ZEBRA: rib_delete: 0:fd00:0:11::/64: via :: ifindex 2 type 2 doesn't exist in rib
2020/05/02 17:38:17 ZEBRA: rib_delete: 0:fd00:0:11::/64 (MRIB): via :: ifindex 2 type 2 doesn't exist in rib
2020/05/02 17:38:17 ZEBRA: rib_update: Schedued VRF (ALL), event RIB_UPDATE_KERNEL
2020/05/02 17:38:17 ZEBRA: rib_update_handle_vrf_all: Handling VRF (ALL) event RIB_UPDATE_KERNEL
2020/05/02 17:38:17 ZEBRA: rib_update_table: IPv4 VRF default Table 254 event RIB_UPDATE_KERNEL
2020/05/02 17:38:17 ZEBRA: rib_update_table: IPv4 VRF default Table 254 event RIB_UPDATE_KERNEL
2020/05/02 17:38:17 ZEBRA: rib_update_table: IPv6 VRF default Table 254 event RIB_UPDATE_KERNEL
2020/05/02 17:38:17 ZEBRA: rib_update_table: IPv6 VRF default Table 254 event RIB_UPDATE_KERNEL
2020/05/02 17:38:17 ZEBRA: MESSAGE: ZEBRA_INTERFACE_ADDRESS_DELETE fe80::60a9:e0ff:fe79:9bd/64 on r1-h11(0)
2020/05/02 17:38:17 ZEBRA: rib_delete: 0:fe80::/64: via :: ifindex 2 type 2 doesn't exist in rib
2020/05/02 17:38:17 ZEBRA: rib_delete: 0:fe80::/64 (MRIB): via :: ifindex 2 type 2 doesn't exist in rib
2020/05/02 17:38:17 ZEBRA: rib_update: Schedued VRF (ALL), event RIB_UPDATE_KERNEL
2020/05/02 17:38:17 ZEBRA: MESSAGE: ZEBRA_INTERFACE_ADDRESS_DELETE fd00:0:11::1/64 on r1-h11(0)
2020/05/02 17:38:17 ZEBRA: MESSAGE: ZEBRA_INTERFACE_DELETE r1-h11(0)
2020/05/02 17:38:17 ZEBRA: rib_update_handle_vrf_all: Handling VRF (ALL) event RIB_UPDATE_KERNEL
2020/05/02 17:38:17 ZEBRA: rib_update_table: IPv4 VRF default Table 254 event RIB_UPDATE_KERNEL
2020/05/02 17:38:17 ZEBRA: rib_update_table: IPv4 VRF default Table 254 event RIB_UPDATE_KERNEL
2020/05/02 17:38:17 ZEBRA: rib_update_table: IPv6 VRF default Table 254 event RIB_UPDATE_KERNEL
2020/05/02 17:38:17 ZEBRA: rib_update_table: IPv6 VRF default Table 254 event RIB_UPDATE_KERNEL
2020/05/02 17:38:17 ZEBRA: rib_process: 0:fe80::/64: rn 0x56067549f650, removing re 0x5606755369f0
2020/05/02 17:38:17 ZEBRA: rib_unlink: 0:fe80::/64: rn 0x56067549f650, re 0x5606755369f0
2020/05/02 17:38:17 ZEBRA: 0:fe80::/64: Adding route rn 0x56067549f8d0, re 0x56067549f7f0 (connected)
2020/05/02 17:38:17 ZEBRA: rib_process: 0:fe80::/64 (MRIB): rn 0x56067549f8d0, removing re 0x560675536ca0
2020/05/02 17:38:17 ZEBRA: rib_unlink: 0:fe80::/64 (MRIB): rn 0x56067549f8d0, re 0x560675536ca0
2020/05/02 17:38:17 ZEBRA: 0:fd00:0:11::/64: Deleting route rn 0x560675538e60, re 0x560675538840 (connected)
2020/05/02 17:38:17 ZEBRA: 0:fd00:0:11::/64: Redist del: re 0x560675538840 (connected), new re 0x0 (None)
2020/05/02 17:38:17 ZEBRA: rib_process: 0:fd00:0:11::/64: rn 0x560675538e60, removing re 0x560675538840
2020/05/02 17:38:17 ZEBRA: rib_unlink: 0:fd00:0:11::/64: rn 0x560675538e60, re 0x560675538840
2020/05/02 17:38:17 ZEBRA: rib_gc_dest: 0:fd00:0:11::/64: removing dest from table
2020/05/02 17:38:17 ZEBRA: 0:fd00:0:11::/64: Redist del: re 0x560675538f40 (connected), new re 0x0 (None)
2020/05/02 17:38:17 ZEBRA: rib_process: 0:fd00:0:11::/64 (MRIB): rn 0x560675539040, removing re 0x560675538f40
2020/05/02 17:38:17 ZEBRA: rib_unlink: 0:fd00:0:11::/64 (MRIB): rn 0x560675539040, re 0x560675538f40
2020/05/02 17:38:17 ZEBRA: rib_gc_dest: 0:fd00:0:11::/64 (MRIB): removing dest from table
2020/05/02 17:38:17 ZEBRA: 0:fcff:1::100/128: Deleting route rn 0x560675538070, re 0x560675537370 (kernel)
2020/05/02 17:38:17 ZEBRA: 0:fcff:1::100/128: Redist del: re 0x560675537370 (kernel), new re 0x0 (None)
2020/05/02 17:38:17 ZEBRA: rib_process: 0:fcff:1::100/128: rn 0x560675538070, removing re 0x560675537370
2020/05/02 17:38:17 ZEBRA: rib_unlink: 0:fcff:1::100/128: rn 0x560675538070, re 0x560675537370
2020/05/02 17:38:17 ZEBRA: rib_gc_dest: 0:fcff:1::100/128: removing dest from table
2020/05/02 17:38:17 ZEBRA: 0:fe80::/64 update_from_ctx(): existing fib nhg, no change
2020/05/02 17:38:17 ZEBRA: 0:fe80::/64: Redist update re 0x5606755381d0 (connected), old 0x0 (None)
2020/05/02 17:38:17 ZEBRA: Redist update filter prefix fe80::/64
2020/05/02 17:38:17 ZEBRA: 0:fcff:1::200/128 update_from_ctx(): no fib nhg
2020/05/02 17:38:17 ZEBRA: 0:fcff:1::200/128 update_from_ctx(): rib nhg matched, changed 'false'
2020/05/02 17:38:17 ZEBRA: 0:fcff:1::200/128: Redist update re 0x560675537580 (kernel), old 0x0 (None)
2020/05/02 17:38:17 ZEBRA: 0:fd00:0:81::2/128 update_from_ctx(): no fib nhg
2020/05/02 17:38:17 ZEBRA: 0:fd00:0:81::2/128 update_from_ctx(): rib nhg matched, changed 'false'
2020/05/02 17:38:17 ZEBRA: 0:fd00:0:81::2/128: Redist update re 0x560675537680 (kernel), old 0x0 (None)
2020/05/02 17:38:18 ZEBRA: Terminating on signal
2020/05/02 17:38:18 ZEBRA: Closing client 'isis'
2020/05/02 17:38:18 ZEBRA: release_daemon_table_chunks: Released 0 table chunks
2020/05/02 17:38:18 ZEBRA: rib_delnode: 0:fcf0:0:2:3::/64: rn 0x56067553b400, re 0x560675539aa0, removing
2020/05/02 17:38:18 ZEBRA: rib_delnode: 0:fcf0:0:2:7::/64: rn 0x56067553aba0, re 0x56067553ab40, removing
2020/05/02 17:38:18 ZEBRA: rib_delnode: 0:fcf0:0:3:4::/64: rn 0x56067553b030, re 0x56067553aa80, removing
2020/05/02 17:38:18 ZEBRA: rib_delnode: 0:fcf0:0:4:5::/64: rn 0x560675539f10, re 0x56067553b130, removing
2020/05/02 17:38:18 ZEBRA: rib_delnode: 0:fcf0:0:4:6::/64: rn 0x56067553a0d0, re 0x560675539ff0, removing
2020/05/02 17:38:18 ZEBRA: rib_delnode: 0:fcf0:0:5:6::/64: rn 0x56067553a4a0, re 0x56067553b480, removing
2020/05/02 17:38:18 ZEBRA: rib_delnode: 0:fcf0:0:6:7::/64: rn 0x56067553b4e0, re 0x56067553bb20, removing
2020/05/02 17:38:18 ZEBRA: rib_delnode: 0:fcf0:0:6:8::/64: rn 0x56067553b6a0, re 0x56067553bb80, removing
2020/05/02 17:38:18 ZEBRA: rib_delnode: 0:fcf0:0:7:8::/64: rn 0x56067553b940, re 0x56067553bbe0, removing
2020/05/02 17:38:18 ZEBRA: rib_delnode: 0:fcff:2::/32: rn 0x56067553ad60, re 0x56067553ac80, removing
2020/05/02 17:38:18 ZEBRA: rib_delnode: 0:fcff:3::/32: rn 0x56067553b250, re 0x56067553b1f0, removing
2020/05/02 17:38:18 ZEBRA: rib_delnode: 0:fcff:4::/32: rn 0x560675539b80, re 0x56067553a1b0, removing
2020/05/02 17:38:18 ZEBRA: rib_delnode: 0:fcff:5::/32: rn 0x56067553a740, re 0x56067553a660, removing
2020/05/02 17:38:18 ZEBRA: rib_delnode: 0:fcff:6::/32: rn 0x56067553b860, re 0x56067553bca0, removing
2020/05/02 17:38:18 ZEBRA: rib_delnode: 0:fcff:7::/32: rn 0x56067553be20, re 0x56067553bda0, removing
2020/05/02 17:38:18 ZEBRA: rib_delnode: 0:fcff:8::/32: rn 0x56067553e680, re 0x560675539eb0, removing
2020/05/02 17:38:18 ZEBRA: client 13 disconnected. 16 isis routes removed from the rib
2020/05/02 17:38:18 ZEBRA: VRF default id 0 is now inactive
2020/05/02 17:38:18 ZEBRA: MESSAGE: ZEBRA_VRF_DELETE default
2020/05/02 17:38:18 ZEBRA: rib_unlink: 0:fcf0:0:1:2::/64: rn 0x560675539310, re 0x560675539740
2020/05/02 17:38:18 ZEBRA: rib_unlink: 0:fcf0:0:2:3::/64: rn 0x56067553b400, re 0x560675539aa0
2020/05/02 17:38:18 ZEBRA: rib_unlink: 0:fcf0:0:2:7::/64: rn 0x56067553aba0, re 0x56067553ab40
2020/05/02 17:38:18 ZEBRA: rib_unlink: 0:fcf0:0:3:4::/64: rn 0x56067553b030, re 0x56067553aa80
2020/05/02 17:38:18 ZEBRA: rib_unlink: 0:fcf0:0:4:5::/64: rn 0x560675539f10, re 0x56067553b130
2020/05/02 17:38:18 ZEBRA: rib_unlink: 0:fcf0:0:4:6::/64: rn 0x56067553a0d0, re 0x560675539ff0
2020/05/02 17:38:18 ZEBRA: rib_unlink: 0:fcf0:0:5:6::/64: rn 0x56067553a4a0, re 0x56067553b480
2020/05/02 17:38:18 ZEBRA: rib_unlink: 0:fcf0:0:6:7::/64: rn 0x56067553b4e0, re 0x56067553bb20
2020/05/02 17:38:18 ZEBRA: rib_unlink: 0:fcf0:0:6:8::/64: rn 0x56067553b6a0, re 0x56067553bb80
2020/05/02 17:38:18 ZEBRA: rib_unlink: 0:fcf0:0:7:8::/64: rn 0x56067553b940, re 0x56067553bbe0
2020/05/02 17:38:18 ZEBRA: rib_unlink: 0:fcff:1::200/128: rn 0x5606755372f0, re 0x560675537580
2020/05/02 17:38:18 ZEBRA: rib_unlink: 0:fcff:1::/32: rn 0x56067549d630, re 0x5606754a2980
2020/05/02 17:38:18 ZEBRA: rib_unlink: 0:fcff:2::/32: rn 0x56067553ad60, re 0x56067553ac80
2020/05/02 17:38:18 ZEBRA: rib_unlink: 0:fcff:3::/32: rn 0x56067553b250, re 0x56067553b1f0
2020/05/02 17:38:18 ZEBRA: rib_unlink: 0:fcff:4::/32: rn 0x560675539b80, re 0x56067553a1b0
2020/05/02 17:38:18 ZEBRA: rib_unlink: 0:fcff:5::/32: rn 0x56067553a740, re 0x56067553a660
2020/05/02 17:38:18 ZEBRA: rib_unlink: 0:fcff:6::/32: rn 0x56067553b860, re 0x56067553bca0
2020/05/02 17:38:18 ZEBRA: rib_unlink: 0:fcff:7::/32: rn 0x56067553be20, re 0x56067553bda0
2020/05/02 17:38:18 ZEBRA: rib_unlink: 0:fcff:8::/32: rn 0x56067553e680, re 0x560675539eb0
2020/05/02 17:38:18 ZEBRA: rib_unlink: 0:fd00:0:12::/64: rn 0x560675537fe0, re 0x560675538600
2020/05/02 17:38:18 ZEBRA: rib_unlink: 0:fd00:0:13::/64: rn 0x5606755393f0, re 0x560675539160
2020/05/02 17:38:18 ZEBRA: rib_unlink: 0:fd00:0:81::2/128: rn 0x560675537910, re 0x560675537680
2020/05/02 17:38:18 ZEBRA: rib_unlink: 0:fe80::/64: rn 0x56067549f650, re 0x5606755381d0
2020/05/02 17:38:18 ZEBRA: rib_unlink: 0:fe80::/64: rn 0x56067549f650, re 0x560675538150
2020/05/02 17:38:18 ZEBRA: rib_unlink: 0:fe80::/64: rn 0x56067549f650, re 0x560675537430
2020/05/02 17:38:18 ZEBRA: rib_unlink: 0:fe80::/64: rn 0x56067549f650, re 0x5606755373d0
2020/05/02 17:38:18 ZEBRA: rib_unlink: 0:fe80::/64: rn 0x56067549f650, re 0x560675537780
2020/05/02 17:38:18 ZEBRA: rib_unlink: 0:fe80::/64: rn 0x56067549f650, re 0x560675537270
2020/05/02 17:38:18 ZEBRA: rib_unlink: 0:fe80::/64: rn 0x56067549f650, re 0x56067549f6d0
2020/05/02 17:38:18 ZEBRA: rib_unlink: 0:fcf0:0:1:2::/64 (MRIB): rn 0x5606755399c0, re 0x5606755398e0
2020/05/02 17:38:18 ZEBRA: rib_unlink: 0:fcff:1::/32 (MRIB): rn 0x56067549f280, re 0x56067549f1a0
2020/05/02 17:38:18 ZEBRA: rib_unlink: 0:fd00:0:12::/64 (MRIB): rn 0x560675539dd0, re 0x560675539cf0
2020/05/02 17:38:18 ZEBRA: rib_unlink: 0:fd00:0:13::/64 (MRIB): rn 0x5606755395d0, re 0x5606755394d0
2020/05/02 17:38:18 ZEBRA: rib_unlink: 0:fe80::/64 (MRIB): rn 0x56067549f8d0, re 0x5606755387e0
2020/05/02 17:38:18 ZEBRA: rib_unlink: 0:fe80::/64 (MRIB): rn 0x56067549f8d0, re 0x560675538b00
2020/05/02 17:38:18 ZEBRA: rib_unlink: 0:fe80::/64 (MRIB): rn 0x56067549f8d0, re 0x560675538230
2020/05/02 17:38:18 ZEBRA: rib_unlink: 0:fe80::/64 (MRIB): rn 0x56067549f8d0, re 0x560675538290
2020/05/02 17:38:18 ZEBRA: rib_unlink: 0:fe80::/64 (MRIB): rn 0x56067549f8d0, re 0x560675537db0
2020/05/02 17:38:18 ZEBRA: rib_unlink: 0:fe80::/64 (MRIB): rn 0x56067549f8d0, re 0x560675537500
2020/05/02 17:38:18 ZEBRA: rib_unlink: 0:fe80::/64 (MRIB): rn 0x56067549f8d0, re 0x56067549f7f0
2020/05/02 17:38:18 ZEBRA: VRF default id 0 deleted
2020/05/02 17:38:18 ZEBRA: Zebra final shutdown
